#
# There is insufficient memory for the Java Runtime Environment to continue.
# Native memory allocation (mmap) failed to map 214433792 bytes for committing reserved memory.
# Possible reasons:
#   The system is out of physical RAM or swap space
#   In 32 bit mode, the process size limit was hit
# Possible solutions:
#   Reduce memory load on the system
#   Increase physical memory or swap space
#   Check if swap backing store is full
#   Use 64 bit Java on a 64 bit OS
#   Decrease Java heap size (-Xmx/-Xms)
#   Decrease number of Java threads
#   Decrease Java thread stack sizes (-Xss)
#   Set larger code cache with -XX:ReservedCodeCacheSize=
# This output file may be truncated or incomplete.
#
#  Out of Memory Error (os_linux.cpp:2627), pid=18063, tid=0x00007f53ff5f5700
#
# JRE version: OpenJDK Runtime Environment (8.0_112-b06) (build 1.8.0_112-release-b06)
# Java VM: OpenJDK 64-Bit Server VM (25.112-b06 mixed mode linux-amd64 compressed oops)
# Failed to write core dump. Core dumps have been disabled. To enable core dumping, try "ulimit -c unlimited" before starting Java again
#

---------------  T H R E A D  ---------------

Current thread (0x00007f541c078000):  VMThread [stack: 0x00007f53ff4f5000,0x00007f53ff5f6000] [id=18074]

Stack: [0x00007f53ff4f5000,0x00007f53ff5f6000],  sp=0x00007f53ff5f4490,  free space=1021k
Native frames: (J=compiled Java code, j=interpreted, Vv=VM code, C=native code)
V  [libjvm.so+0x9e465d]  VMError::report_and_die()+0x15d
V  [libjvm.so+0x4b6ada]  report_vm_out_of_memory(char const*, int, unsigned long, VMErrorType, char const*)+0x8a
V  [libjvm.so+0x84c860]  os::pd_commit_memory(char*, unsigned long, unsigned long, bool)+0xf0
V  [libjvm.so+0x84737f]  os::commit_memory(char*, unsigned long, unsigned long, bool)+0x1f
V  [libjvm.so+0x8bd3db]  PSVirtualSpace::expand_by(unsigned long)+0x5b
V  [libjvm.so+0x8ae1bb]  PSOldGen::expand_by(unsigned long) [clone .part.109]+0x1b
V  [libjvm.so+0x8ae37b]  PSOldGen::expand(unsigned long) [clone .part.111]+0xdb
V  [libjvm.so+0x8aec58]  PSOldGen::resize(unsigned long)+0x188
V  [libjvm.so+0x8b426c]  PSParallelCompact::invoke_no_policy(bool)+0x97c
V  [libjvm.so+0x8bb37d]  PSScavenge::invoke()+0x17d
V  [libjvm.so+0x86fcf3]  ParallelScavengeHeap::failed_mem_allocate(unsigned long)+0x63
V  [libjvm.so+0x9e6124]  VM_ParallelGCFailedAllocation::doit()+0x84
V  [libjvm.so+0x9ea537]  VM_Operation::evaluate()+0x47
V  [libjvm.so+0x9e8ff8]  VMThread::evaluate_operation(VM_Operation*)+0x2c8
V  [libjvm.so+0x9e9479]  VMThread::loop()+0x219
V  [libjvm.so+0x9e98c2]  VMThread::run()+0x72
V  [libjvm.so+0x849c82]  java_start(Thread*)+0xf2

VM_Operation (0x00007f53fe10a0f0): ParallelGCFailedAllocation, mode: safepoint, requested by thread 0x00007f541c17b000


---------------  P R O C E S S  ---------------

Java Threads: ( => current thread )
  0x00007f541c17b000 JavaThread "pool-2-thread-4" [_thread_blocked, id=18087, stack(0x00007f53fe00b000,0x00007f53fe10c000)]
  0x00007f541c179800 JavaThread "pool-2-thread-3" [_thread_blocked, id=18086, stack(0x00007f53fe10c000,0x00007f53fe20d000)]
  0x00007f541c177800 JavaThread "pool-2-thread-2" [_thread_blocked, id=18085, stack(0x00007f53fe20d000,0x00007f53fe30e000)]
  0x00007f541c176800 JavaThread "pool-3-thread-1" [_thread_blocked, id=18084, stack(0x00007f53fe30e000,0x00007f53fe40f000)]
  0x00007f541c174800 JavaThread "pool-2-thread-1" [_thread_blocked, id=18083, stack(0x00007f53fe40f000,0x00007f53fe510000)]
  0x00007f541c0c0800 JavaThread "Service Thread" daemon [_thread_blocked, id=18081, stack(0x00007f53fe70c000,0x00007f53fe80d000)]
  0x00007f541c0bd000 JavaThread "C1 CompilerThread2" daemon [_thread_blocked, id=18080, stack(0x00007f53fe80d000,0x00007f53fe90e000)]
  0x00007f541c0bb800 JavaThread "C2 CompilerThread1" daemon [_thread_blocked, id=18079, stack(0x00007f53fe90e000,0x00007f53fea0f000)]
  0x00007f541c0b8800 JavaThread "C2 CompilerThread0" daemon [_thread_blocked, id=18078, stack(0x00007f53fea0f000,0x00007f53feb10000)]
  0x00007f541c0b7000 JavaThread "Signal Dispatcher" daemon [_thread_blocked, id=18077, stack(0x00007f53feb10000,0x00007f53fec11000)]
  0x00007f541c084800 JavaThread "Finalizer" daemon [_thread_blocked, id=18076, stack(0x00007f53ff2f3000,0x00007f53ff3f4000)]
  0x00007f541c080000 JavaThread "Reference Handler" daemon [_thread_blocked, id=18075, stack(0x00007f53ff3f4000,0x00007f53ff4f5000)]
  0x00007f541c00a800 JavaThread "main" [_thread_blocked, id=18069, stack(0x00007f5424b01000,0x00007f5424c02000)]

Other Threads:
=>0x00007f541c078000 VMThread [stack: 0x00007f53ff4f5000,0x00007f53ff5f6000] [id=18074]
  0x00007f541c0c2800 WatcherThread [stack: 0x00007f53fe60b000,0x00007f53fe70c000] [id=18082]

VM state:at safepoint (normal execution)

VM Mutex/Monitor currently owned by a thread:  ([mutex/lock_event])
[0x00007f541c006630] ExpandHeap_lock - owner thread: 0x00007f541c078000
[0x00007f541c006cb0] Threads_lock - owner thread: 0x00007f541c078000
[0x00007f541c0071b0] Heap_lock - owner thread: 0x00007f541c17b000

Heap:
 PSYoungGen      total 1129472K, used 60463K [0x000000076ab00000, 0x00000007c0000000, 0x00000007c0000000)
  eden space 982528K, 0% used [0x000000076ab00000,0x000000076ab00000,0x00000007a6a80000)
  from space 146944K, 41% used [0x00000007a6a80000,0x00000007aa58bc20,0x00000007afa00000)
  to   space 208384K, 0% used [0x00000007b3480000,0x00000007b3480000,0x00000007c0000000)
 ParOldGen       total 607744K, used 607252K [0x00000006c0000000, 0x00000006e5180000, 0x000000076ab00000)
  object space 607744K, 99% used [0x00000006c0000000,0x00000006e5105038,0x00000006e5180000)
 Metaspace       used 6573K, capacity 7280K, committed 7552K, reserved 1056768K
  class space    used 596K, capacity 616K, committed 640K, reserved 1048576K

Card table byte_map: [0x00007f542119e000,0x00007f542199f000] byte_map_base: 0x00007f541db9e000

Marking Bits: (ParMarkBitMap*) 0x00007f5423fd3340
 Begin Bits: [0x00007f5405000000, 0x00007f5409000000)
 End Bits:   [0x00007f5409000000, 0x00007f540d000000)

Polling page: 0x00007f5424c1f000

CodeCache: size=245760Kb used=12416Kb max_used=15679Kb free=233344Kb
 bounds [0x00007f540d000000, 0x00007f540df70000, 0x00007f541c000000]
 total_blobs=2764 nmethods=2495 adapters=183
 compilation: enabled

Compilation events (10 events):
Event: 100.962 Thread 0x00007f541c0bd000 3567       3       com.android.dx.rop.cst.CstDouble::make (9 bytes)
Event: 100.962 Thread 0x00007f541c0bd000 nmethod 3567 0x00007f540d17c9d0 code [0x00007f540d17cb60, 0x00007f540d17cf30]
Event: 101.674 Thread 0x00007f541c0b8800 3569       4       com.android.dx.ssa.back.FirstFitLocalCombiningAllocator$Alignment$2::nextClearBit (26 bytes)
Event: 101.676 Thread 0x00007f541c0b8800 nmethod 3569 0x00007f540d51ce50 code [0x00007f540d51cfc0, 0x00007f540d51d1f8]
Event: 102.179 Thread 0x00007f541c0bb800 3570       4       com.android.dx.rop.code.RegisterSpec::withLocalItem (41 bytes)
Event: 102.181 Thread 0x00007f541c0bb800 nmethod 3570 0x00007f540d5b3990 code [0x00007f540d5b3b00, 0x00007f540d5b3f28]
Event: 103.313 Thread 0x00007f541c0bd000 3571       3       com.android.dx.ssa.LiteralOpUpgrader$1::visitNonMoveInsn (203 bytes)
Event: 103.315 Thread 0x00007f541c0bd000 nmethod 3571 0x00007f540d8bd6d0 code [0x00007f540d8bdbc0, 0x00007f540d8c1768]
Event: 103.592 Thread 0x00007f541c0bd000 3572       3       com.android.dx.rop.code.DexTranslationAdvice::hasConstantOperation (163 bytes)
Event: 103.593 Thread 0x00007f541c0bd000 nmethod 3572 0x00007f540d7a1250 code [0x00007f540d7a14a0, 0x00007f540d7a2d38]

GC Heap History (10 events):
Event: 22.828 GC heap after
Heap after GC invocations=17 (full 3):
 PSYoungGen      total 775680K, used 46315K [0x000000076ab00000, 0x00000007a0a80000, 0x00000007c0000000)
  eden space 680960K, 0% used [0x000000076ab00000,0x000000076ab00000,0x0000000794400000)
  from space 94720K, 48% used [0x000000079a380000,0x000000079d0bacd8,0x00000007a0000000)
  to   space 97792K, 0% used [0x0000000794400000,0x0000000794400000,0x000000079a380000)
 ParOldGen       total 418816K, used 273748K [0x00000006c0000000, 0x00000006d9900000, 0x000000076ab00000)
  object space 418816K, 65% used [0x00000006c0000000,0x00000006d0b55140,0x00000006d9900000)
 Metaspace       used 6557K, capacity 7280K, committed 7552K, reserved 1056768K
  class space    used 596K, capacity 616K, committed 640K, reserved 1048576K
}
Event: 24.762 GC heap before
{Heap before GC invocations=18 (full 3):
 PSYoungGen      total 775680K, used 727275K [0x000000076ab00000, 0x00000007a0a80000, 0x00000007c0000000)
  eden space 680960K, 100% used [0x000000076ab00000,0x0000000794400000,0x0000000794400000)
  from space 94720K, 48% used [0x000000079a380000,0x000000079d0bacd8,0x00000007a0000000)
  to   space 97792K, 0% used [0x0000000794400000,0x0000000794400000,0x000000079a380000)
 ParOldGen       total 418816K, used 273748K [0x00000006c0000000, 0x00000006d9900000, 0x000000076ab00000)
  object space 418816K, 65% used [0x00000006c0000000,0x00000006d0b55140,0x00000006d9900000)
 Metaspace       used 6567K, capacity 7280K, committed 7552K, reserved 1056768K
  class space    used 596K, capacity 616K, committed 640K, reserved 1048576K
Event: 30.646 GC heap after
Heap after GC invocations=18 (full 3):
 PSYoungGen      total 778752K, used 97779K [0x000000076ab00000, 0x00000007b7c80000, 0x00000007c0000000)
  eden space 680960K, 0% used [0x000000076ab00000,0x000000076ab00000,0x0000000794400000)
  from space 97792K, 99% used [0x0000000794400000,0x000000079a37ce90,0x000000079a380000)
  to   space 133632K, 0% used [0x00000007afa00000,0x00000007afa00000,0x00000007b7c80000)
 ParOldGen       total 418816K, used 326054K [0x00000006c0000000, 0x00000006d9900000, 0x000000076ab00000)
  object space 418816K, 77% used [0x00000006c0000000,0x00000006d3e69bb0,0x00000006d9900000)
 Metaspace       used 6567K, capacity 7280K, committed 7552K, reserved 1056768K
  class space    used 596K, capacity 616K, committed 640K, reserved 1048576K
}
Event: 40.063 GC heap before
{Heap before GC invocations=19 (full 3):
 PSYoungGen      total 778752K, used 778739K [0x000000076ab00000, 0x00000007b7c80000, 0x00000007c0000000)
  eden space 680960K, 100% used [0x000000076ab00000,0x0000000794400000,0x0000000794400000)
  from space 97792K, 99% used [0x0000000794400000,0x000000079a37ce90,0x000000079a380000)
  to   space 133632K, 0% used [0x00000007afa00000,0x00000007afa00000,0x00000007b7c80000)
 ParOldGen       total 418816K, used 326054K [0x00000006c0000000, 0x00000006d9900000, 0x000000076ab00000)
  object space 418816K, 77% used [0x00000006c0000000,0x00000006d3e69bb0,0x00000006d9900000)
 Metaspace       used 6571K, capacity 7280K, committed 7552K, reserved 1056768K
  class space    used 596K, capacity 616K, committed 640K, reserved 1048576K
Event: 73.646 GC heap after
Heap after GC invocations=19 (full 3):
 PSYoungGen      total 1116160K, used 106428K [0x000000076ab00000, 0x00000007ba680000, 0x00000007c0000000)
  eden space 982528K, 0% used [0x000000076ab00000,0x000000076ab00000,0x00000007a6a80000)
  from space 133632K, 79% used [0x00000007afa00000,0x00000007b61ef0d0,0x00000007b7c80000)
  to   space 146944K, 0% used [0x00000007a6a80000,0x00000007a6a80000,0x00000007afa00000)
 ParOldGen       total 424448K, used 424121K [0x00000006c0000000, 0x00000006d9e80000, 0x000000076ab00000)
  object space 424448K, 99% used [0x00000006c0000000,0x00000006d9e2e7b0,0x00000006d9e80000)
 Metaspace       used 6571K, capacity 7280K, committed 7552K, reserved 1056768K
  class space    used 596K, capacity 616K, committed 640K, reserved 1048576K
}
Event: 73.934 GC heap before
{Heap before GC invocations=20 (full 4):
 PSYoungGen      total 1116160K, used 106428K [0x000000076ab00000, 0x00000007ba680000, 0x00000007c0000000)
  eden space 982528K, 0% used [0x000000076ab00000,0x000000076ab00000,0x00000007a6a80000)
  from space 133632K, 79% used [0x00000007afa00000,0x00000007b61ef0d0,0x00000007b7c80000)
  to   space 146944K, 0% used [0x00000007a6a80000,0x00000007a6a80000,0x00000007afa00000)
 ParOldGen       total 424448K, used 424121K [0x00000006c0000000, 0x00000006d9e80000, 0x000000076ab00000)
  object space 424448K, 99% used [0x00000006c0000000,0x00000006d9e2e7b0,0x00000006d9e80000)
 Metaspace       used 6571K, capacity 7280K, committed 7552K, reserved 1056768K
  class space    used 596K, capacity 616K, committed 640K, reserved 1048576K
Event: 76.983 GC heap after
Heap after GC invocations=20 (full 4):
 PSYoungGen      total 1116160K, used 100221K [0x000000076ab00000, 0x00000007ba680000, 0x00000007c0000000)
  eden space 982528K, 0% used [0x000000076ab00000,0x000000076ab00000,0x00000007a6a80000)
  from space 133632K, 74% used [0x00000007afa00000,0x00000007b5bdf4b8,0x00000007b7c80000)
  to   space 146944K, 0% used [0x00000007a6a80000,0x00000007a6a80000,0x00000007afa00000)
 ParOldGen       total 607744K, used 424342K [0x00000006c0000000, 0x00000006e5180000, 0x000000076ab00000)
  object space 607744K, 69% used [0x00000006c0000000,0x00000006d9e65ae0,0x00000006e5180000)
 Metaspace       used 6571K, capacity 7280K, committed 7552K, reserved 1056768K
  class space    used 596K, capacity 616K, committed 640K, reserved 1048576K
}
Event: 104.178 GC heap before
{Heap before GC invocations=21 (full 4):
 PSYoungGen      total 1116160K, used 1082749K [0x000000076ab00000, 0x00000007ba680000, 0x00000007c0000000)
  eden space 982528K, 100% used [0x000000076ab00000,0x00000007a6a80000,0x00000007a6a80000)
  from space 133632K, 74% used [0x00000007afa00000,0x00000007b5bdf4b8,0x00000007b7c80000)
  to   space 146944K, 0% used [0x00000007a6a80000,0x00000007a6a80000,0x00000007afa00000)
 ParOldGen       total 607744K, used 424342K [0x00000006c0000000, 0x00000006e5180000, 0x000000076ab00000)
  object space 607744K, 69% used [0x00000006c0000000,0x00000006d9e65ae0,0x00000006e5180000)
 Metaspace       used 6573K, capacity 7280K, committed 7552K, reserved 1056768K
  class space    used 596K, capacity 616K, committed 640K, reserved 1048576K
Event: 114.717 GC heap after
Heap after GC invocations=21 (full 4):
 PSYoungGen      total 1129472K, used 146916K [0x000000076ab00000, 0x00000007c0000000, 0x00000007c0000000)
  eden space 982528K, 0% used [0x000000076ab00000,0x000000076ab00000,0x00000007a6a80000)
  from space 146944K, 99% used [0x00000007a6a80000,0x00000007af9f9170,0x00000007afa00000)
  to   space 208384K, 0% used [0x00000007b3480000,0x00000007b3480000,0x00000007c0000000)
 ParOldGen       total 607744K, used 523151K [0x00000006c0000000, 0x00000006e5180000, 0x000000076ab00000)
  object space 607744K, 86% used [0x00000006c0000000,0x00000006dfee3fb8,0x00000006e5180000)
 Metaspace       used 6573K, capacity 7280K, committed 7552K, reserved 1056768K
  class space    used 596K, capacity 616K, committed 640K, reserved 1048576K
}
Event: 115.659 GC heap before
{Heap before GC invocations=22 (full 5):
 PSYoungGen      total 1129472K, used 146916K [0x000000076ab00000, 0x00000007c0000000, 0x00000007c0000000)
  eden space 982528K, 0% used [0x000000076ab00000,0x000000076ab00000,0x00000007a6a80000)
  from space 146944K, 99% used [0x00000007a6a80000,0x00000007af9f9170,0x00000007afa00000)
  to   space 208384K, 0% used [0x00000007b3480000,0x00000007b3480000,0x00000007c0000000)
 ParOldGen       total 607744K, used 523151K [0x00000006c0000000, 0x00000006e5180000, 0x000000076ab00000)
  object space 607744K, 86% used [0x00000006c0000000,0x00000006dfee3fb8,0x00000006e5180000)
 Metaspace       used 6573K, capacity 7280K, committed 7552K, reserved 1056768K
  class space    used 596K, capacity 616K, committed 640K, reserved 1048576K

Deoptimization events (10 events):
Event: 95.027 Thread 0x00007f541c177800 Uncommon trap: reason=bimorphic action=maybe_recompile pc=0x00007f540dd697b0 method=com.android.dx.cf.code.BytecodeArray.parseInstruction(ILcom/android/dx/cf/code/BytecodeArray$Visitor;)I @ 1891
Event: 96.196 Thread 0x00007f541c177800 Uncommon trap: reason=unstable_if action=reinterpret pc=0x00007f540dc0b674 method=com.android.dx.cf.code.Merger.isPossiblyAssignableFrom(Lcom/android/dx/rop/type/TypeBearer;Lcom/android/dx/rop/type/TypeBearer;)Z @ 177
Event: 96.755 Thread 0x00007f541c00a800 Uncommon trap: reason=unstable_if action=reinterpret pc=0x00007f540dd13504 method=com.android.dx.rop.code.DexTranslationAdvice.hasConstantOperation(Lcom/android/dx/rop/code/Rop;Lcom/android/dx/rop/code/RegisterSpec;Lcom/android/dx/rop/code/RegisterSpec;)Z
Event: 96.866 Thread 0x00007f541c17b000 Uncommon trap: reason=bimorphic action=maybe_recompile pc=0x00007f540ddef720 method=com.android.dx.cf.code.BytecodeArray.parseInstruction(ILcom/android/dx/cf/code/BytecodeArray$Visitor;)I @ 1477
Event: 96.867 Thread 0x00007f541c17b000 Uncommon trap: reason=bimorphic action=maybe_recompile pc=0x00007f540ddef720 method=com.android.dx.cf.code.BytecodeArray.parseInstruction(ILcom/android/dx/cf/code/BytecodeArray$Visitor;)I @ 1477
Event: 96.876 Thread 0x00007f541c00a800 Uncommon trap: reason=unstable_if action=reinterpret pc=0x00007f540d6c3410 method=com.android.dx.ssa.InterferenceRegisterMapper.areAnyPinned(Lcom/android/dx/rop/code/RegisterSpecList;II)Z @ 55
Event: 96.877 Thread 0x00007f541c17b000 Uncommon trap: reason=unstable_if action=reinterpret pc=0x00007f540dbbfb70 method=com.android.dx.rop.code.Rops.ropFor(ILcom/android/dx/rop/type/TypeBearer;Lcom/android/dx/rop/type/TypeList;Lcom/android/dx/rop/cst/Constant;)Lcom/android/dx/rop/code/Rop; @ 
Event: 100.008 Thread 0x00007f541c174800 Uncommon trap: reason=bimorphic action=maybe_recompile pc=0x00007f540decb114 method=com.android.dx.cf.code.BytecodeArray.parseInstruction(ILcom/android/dx/cf/code/BytecodeArray$Visitor;)I @ 1987
Event: 100.008 Thread 0x00007f541c174800 Uncommon trap: reason=bimorphic action=maybe_recompile pc=0x00007f540decb114 method=com.android.dx.cf.code.BytecodeArray.parseInstruction(ILcom/android/dx/cf/code/BytecodeArray$Visitor;)I @ 1987
Event: 103.313 Thread 0x00007f541c17b000 Uncommon trap: reason=unstable_if action=reinterpret pc=0x00007f540d331208 method=com.android.dx.ssa.LiteralOpUpgrader$1.visitNonMoveInsn(Lcom/android/dx/ssa/NormalSsaInsn;)V @ 137

Internal exceptions (10 events):
Event: 1.139 Thread 0x00007f541c00a800 Exception <a 'java/lang/NoSuchMethodError': Method sun.misc.Unsafe.prefetchRead(Ljava/lang/Object;J)V name or signature does not match> (0x000000076ab07f60) thrown at [/ssd/Android/AOSP-openjdk/external/jetbrains/jdk/hotspot/src/share/vm/prims/jni.cpp, li
Event: 3.918 Thread 0x00007f541c179800 Implicit null exception at 0x00007f540d30782e to 0x00007f540d30a001
Event: 3.918 Thread 0x00007f541c179800 Implicit null exception at 0x00007f540d2f4957 to 0x00007f540d2f70c5
Event: 3.933 Thread 0x00007f541c177800 Implicit null exception at 0x00007f540d348522 to 0x00007f540d348623
Event: 4.379 Thread 0x00007f541c17b000 Exception <a 'java/lang/ArrayIndexOutOfBoundsException': 18> (0x000000076debc148) thrown at [/ssd/Android/AOSP-openjdk/external/jetbrains/jdk/hotspot/src/share/vm/interpreter/interpreterRuntime.cpp, line 366]
Event: 4.380 Thread 0x00007f541c17b000 Exception <a 'java/lang/ArrayIndexOutOfBoundsException': 145> (0x000000076debdcc8) thrown at [/ssd/Android/AOSP-openjdk/external/jetbrains/jdk/hotspot/src/share/vm/interpreter/interpreterRuntime.cpp, line 366]
Event: 4.387 Thread 0x00007f541c17b000 Exception <a 'java/lang/ArrayIndexOutOfBoundsException'> (0x000000076debefb0) thrown at [/ssd/Android/AOSP-openjdk/external/jetbrains/jdk/hotspot/src/share/vm/runtime/sharedRuntime.cpp, line 605]
Event: 11.512 Thread 0x00007f541c177800 Implicit null exception at 0x00007f540d94f68d to 0x00007f540d9507d5
Event: 30.654 Thread 0x00007f541c17b000 Implicit null exception at 0x00007f540dd0511f to 0x00007f540dd05f91
Event: 35.151 Thread 0x00007f541c179800 Implicit null exception at 0x00007f540dcef841 to 0x00007f540dcf0edd

Events (10 events):
Event: 100.008 Thread 0x00007f541c174800 Uncommon trap: trap_request=0xffffffc6 fr.pc=0x00007f540decb114
Event: 100.008 Thread 0x00007f541c174800 DEOPT PACKING pc=0x00007f540decb114 sp=0x00007f53fe50e120
Event: 100.008 Thread 0x00007f541c174800 DEOPT UNPACKING pc=0x00007f540d004f69 sp=0x00007f53fe50e0d8 mode 2
Event: 100.008 Thread 0x00007f541c174800 Uncommon trap: trap_request=0xffffffc6 fr.pc=0x00007f540decb114
Event: 100.008 Thread 0x00007f541c174800 DEOPT PACKING pc=0x00007f540decb114 sp=0x00007f53fe50dfb0
Event: 100.008 Thread 0x00007f541c174800 DEOPT UNPACKING pc=0x00007f540d004f69 sp=0x00007f53fe50df68 mode 2
Event: 103.313 Thread 0x00007f541c17b000 Uncommon trap: trap_request=0xffffff65 fr.pc=0x00007f540d331208
Event: 103.313 Thread 0x00007f541c17b000 DEOPT PACKING pc=0x00007f540d331208 sp=0x00007f53fe10a1f0
Event: 103.313 Thread 0x00007f541c17b000 DEOPT UNPACKING pc=0x00007f540d004f69 sp=0x00007f53fe10a1c0 mode 2
Event: 103.957 Executing VM operation: ParallelGCFailedAllocation


Dynamic libraries:
00400000-00401000 r-xp 00000000 08:02 29755034                           /home/arun/Documents/Android_S_NewVersions_Setups/android-studio/jre/bin/java
00600000-00601000 r--p 00000000 08:02 29755034                           /home/arun/Documents/Android_S_NewVersions_Setups/android-studio/jre/bin/java
00601000-00602000 rw-p 00001000 08:02 29755034                           /home/arun/Documents/Android_S_NewVersions_Setups/android-studio/jre/bin/java
02044000-02065000 rw-p 00000000 00:00 0                                  [heap]
6c0000000-6e5180000 rw-p 00000000 00:00 0 
6f1e00000-76ab00000 ---p 00000000 00:00 0 
76ab00000-7c0000000 rw-p 00000000 00:00 0 
7c0000000-7c00a0000 rw-p 00000000 00:00 0 
7c00a0000-800000000 ---p 00000000 00:00 0 
7f53b0000000-7f53b0031000 rw-p 00000000 00:00 0 
7f53b0031000-7f53b4000000 ---p 00000000 00:00 0 
7f53b8000000-7f53b8021000 rw-p 00000000 00:00 0 
7f53b8021000-7f53bc000000 ---p 00000000 00:00 0 
7f53bc000000-7f53bc023000 rw-p 00000000 00:00 0 
7f53bc023000-7f53c0000000 ---p 00000000 00:00 0 
7f53c0000000-7f53c0048000 rw-p 00000000 00:00 0 
7f53c0048000-7f53c4000000 ---p 00000000 00:00 0 
7f53c4000000-7f53c4021000 rw-p 00000000 00:00 0 
7f53c4021000-7f53c8000000 ---p 00000000 00:00 0 
7f53c8000000-7f53c8021000 rw-p 00000000 00:00 0 
7f53c8021000-7f53cc000000 ---p 00000000 00:00 0 
7f53cc000000-7f53cc021000 rw-p 00000000 00:00 0 
7f53cc021000-7f53d0000000 ---p 00000000 00:00 0 
7f53d0000000-7f53d2064000 rw-p 00000000 00:00 0 
7f53d2064000-7f53d4000000 ---p 00000000 00:00 0 
7f53d4000000-7f53d49b0000 rw-p 00000000 00:00 0 
7f53d49b0000-7f53d8000000 ---p 00000000 00:00 0 
7f53d8000000-7f53d8021000 rw-p 00000000 00:00 0 
7f53d8021000-7f53dc000000 ---p 00000000 00:00 0 
7f53dc000000-7f53dd4f5000 rw-p 00000000 00:00 0 
7f53dd4f5000-7f53e0000000 ---p 00000000 00:00 0 
7f53e0000000-7f53e0021000 rw-p 00000000 00:00 0 
7f53e0021000-7f53e4000000 ---p 00000000 00:00 0 
7f53e4000000-7f53e4021000 rw-p 00000000 00:00 0 
7f53e4021000-7f53e8000000 ---p 00000000 00:00 0 
7f53e8000000-7f53e8021000 rw-p 00000000 00:00 0 
7f53e8021000-7f53ec000000 ---p 00000000 00:00 0 
7f53ec000000-7f53ec29e000 rw-p 00000000 00:00 0 
7f53ec29e000-7f53f0000000 ---p 00000000 00:00 0 
7f53f0000000-7f53f0021000 rw-p 00000000 00:00 0 
7f53f0021000-7f53f4000000 ---p 00000000 00:00 0 
7f53f8000000-7f53f8021000 rw-p 00000000 00:00 0 
7f53f8021000-7f53fc000000 ---p 00000000 00:00 0 
7f53fe00b000-7f53fe00e000 ---p 00000000 00:00 0 
7f53fe00e000-7f53fe10c000 rw-p 00000000 00:00 0                          [stack:18087]
7f53fe10c000-7f53fe10f000 ---p 00000000 00:00 0 
7f53fe10f000-7f53fe20d000 rw-p 00000000 00:00 0                          [stack:18086]
7f53fe20d000-7f53fe210000 ---p 00000000 00:00 0 
7f53fe210000-7f53fe30e000 rw-p 00000000 00:00 0                          [stack:18085]
7f53fe30e000-7f53fe311000 ---p 00000000 00:00 0 
7f53fe311000-7f53fe40f000 rw-p 00000000 00:00 0                          [stack:18084]
7f53fe40f000-7f53fe412000 ---p 00000000 00:00 0 
7f53fe412000-7f53fe510000 rw-p 00000000 00:00 0                          [stack:18083]
7f53fe510000-7f53fe60b000 r--s 00c95000 08:02 17178395                   /home/arun/Documents/Arun/Untitled Folder/Documents/Zoom2u App For Android studio/Z2U_Last_Live/Z2U_Courier_Release_App/zoom2u/build/intermediates/transforms/jarMerging/debug/jars/1/1f/combined.jar
7f53fe60b000-7f53fe60c000 ---p 00000000 00:00 0 
7f53fe60c000-7f53fe70c000 rw-p 00000000 00:00 0                          [stack:18082]
7f53fe70c000-7f53fe70f000 ---p 00000000 00:00 0 
7f53fe70f000-7f53fe80d000 rw-p 00000000 00:00 0                          [stack:18081]
7f53fe80d000-7f53fe810000 ---p 00000000 00:00 0 
7f53fe810000-7f53fe90e000 rw-p 00000000 00:00 0                          [stack:18080]
7f53fe90e000-7f53fe911000 ---p 00000000 00:00 0 
7f53fe911000-7f53fea0f000 rw-p 00000000 00:00 0                          [stack:18079]
7f53fea0f000-7f53fea12000 ---p 00000000 00:00 0 
7f53fea12000-7f53feb10000 rw-p 00000000 00:00 0                          [stack:18078]
7f53feb10000-7f53feb13000 ---p 00000000 00:00 0 
7f53feb13000-7f53fec11000 rw-p 00000000 00:00 0                          [stack:18077]
7f53fec11000-7f53ff2f3000 r--p 00000000 08:02 26352213                   /usr/lib/locale/locale-archive
7f53ff2f3000-7f53ff2f6000 ---p 00000000 00:00 0 
7f53ff2f6000-7f53ff3f4000 rw-p 00000000 00:00 0                          [stack:18076]
7f53ff3f4000-7f53ff3f7000 ---p 00000000 00:00 0 
7f53ff3f7000-7f53ff4f5000 rw-p 00000000 00:00 0                          [stack:18075]
7f53ff4f5000-7f53ff4f6000 ---p 00000000 00:00 0 
7f53ff4f6000-7f5400000000 rw-p 00000000 00:00 0                          [stack:18074]
7f5400000000-7f5400021000 rw-p 00000000 00:00 0 
7f5400021000-7f5404000000 ---p 00000000 00:00 0 
7f5404005000-7f54045bb000 rw-p 00000000 00:00 0 
7f54045bb000-7f540478a000 r--s 03c1b000 08:02 29755679                   /home/arun/Documents/Android_S_NewVersions_Setups/android-studio/jre/jre/lib/rt.jar
7f540478a000-7f5404ec0000 rw-p 00000000 00:00 0 
7f5404ec0000-7f5405000000 ---p 00000000 00:00 0 
7f5405000000-7f540d000000 rw-p 00000000 00:00 0 
7f540d000000-7f540df70000 rwxp 00000000 00:00 0 
7f540df70000-7f541c000000 ---p 00000000 00:00 0 
7f541c000000-7f541c396000 rw-p 00000000 00:00 0 
7f541c396000-7f5420000000 ---p 00000000 00:00 0 
7f5420002000-7f5420844000 rw-p 00000000 00:00 0 
7f5420844000-7f5420845000 ---p 00000000 00:00 0 
7f5420845000-7f5420945000 rw-p 00000000 00:00 0                          [stack:18073]
7f5420945000-7f5420946000 ---p 00000000 00:00 0 
7f5420946000-7f5420a46000 rw-p 00000000 00:00 0                          [stack:18072]
7f5420a46000-7f5420a47000 ---p 00000000 00:00 0 
7f5420a47000-7f5420b47000 rw-p 00000000 00:00 0                          [stack:18071]
7f5420b47000-7f5420b48000 ---p 00000000 00:00 0 
7f5420b48000-7f5420d71000 rw-p 00000000 00:00 0                          [stack:18070]
7f5420d71000-7f542119e000 ---p 00000000 00:00 0 
7f542119e000-7f54212c7000 rw-p 00000000 00:00 0 
7f54212c7000-7f54216f3000 ---p 00000000 00:00 0 
7f54216f3000-7f542199e000 rw-p 00000000 00:00 0 
7f542199e000-7f54219dd000 rw-p 00000000 00:00 0 
7f54219dd000-7f5421d5f000 ---p 00000000 00:00 0 
7f5421d5f000-7f5421d79000 r-xp 00000000 08:02 29755706                   /home/arun/Documents/Android_S_NewVersions_Setups/android-studio/jre/jre/lib/amd64/libzip.so
7f5421d79000-7f5421f79000 ---p 0001a000 08:02 29755706                   /home/arun/Documents/Android_S_NewVersions_Setups/android-studio/jre/jre/lib/amd64/libzip.so
7f5421f79000-7f5421f7a000 r--p 0001a000 08:02 29755706                   /home/arun/Documents/Android_S_NewVersions_Setups/android-studio/jre/jre/lib/amd64/libzip.so
7f5421f7a000-7f5421f7b000 rw-p 0001b000 08:02 29755706                   /home/arun/Documents/Android_S_NewVersions_Setups/android-studio/jre/jre/lib/amd64/libzip.so
7f5421f7b000-7f5421f85000 r-xp 00000000 08:02 20188997                   /lib/x86_64-linux-gnu/libnss_files-2.19.so
7f5421f85000-7f5422184000 ---p 0000a000 08:02 20188997                   /lib/x86_64-linux-gnu/libnss_files-2.19.so
7f5422184000-7f5422185000 r--p 00009000 08:02 20188997                   /lib/x86_64-linux-gnu/libnss_files-2.19.so
7f5422185000-7f5422186000 rw-p 0000a000 08:02 20188997                   /lib/x86_64-linux-gnu/libnss_files-2.19.so
7f5422186000-7f5422191000 r-xp 00000000 08:02 20185186                   /lib/x86_64-linux-gnu/libnss_nis-2.19.so
7f5422191000-7f5422390000 ---p 0000b000 08:02 20185186                   /lib/x86_64-linux-gnu/libnss_nis-2.19.so
7f5422390000-7f5422391000 r--p 0000a000 08:02 20185186                   /lib/x86_64-linux-gnu/libnss_nis-2.19.so
7f5422391000-7f5422392000 rw-p 0000b000 08:02 20185186                   /lib/x86_64-linux-gnu/libnss_nis-2.19.so
7f5422392000-7f54223a9000 r-xp 00000000 08:02 20185182                   /lib/x86_64-linux-gnu/libnsl-2.19.so
7f54223a9000-7f54225a8000 ---p 00017000 08:02 20185182                   /lib/x86_64-linux-gnu/libnsl-2.19.so
7f54225a8000-7f54225a9000 r--p 00016000 08:02 20185182                   /lib/x86_64-linux-gnu/libnsl-2.19.so
7f54225a9000-7f54225aa000 rw-p 00017000 08:02 20185182                   /lib/x86_64-linux-gnu/libnsl-2.19.so
7f54225aa000-7f54225ac000 rw-p 00000000 00:00 0 
7f54225ac000-7f54225b5000 r-xp 00000000 08:02 20185181                   /lib/x86_64-linux-gnu/libnss_compat-2.19.so
7f54225b5000-7f54227b4000 ---p 00009000 08:02 20185181                   /lib/x86_64-linux-gnu/libnss_compat-2.19.so
7f54227b4000-7f54227b5000 r--p 00008000 08:02 20185181                   /lib/x86_64-linux-gnu/libnss_compat-2.19.so
7f54227b5000-7f54227b6000 rw-p 00009000 08:02 20185181                   /lib/x86_64-linux-gnu/libnss_compat-2.19.so
7f54227b6000-7f54227e3000 r-xp 00000000 08:02 29755716                   /home/arun/Documents/Android_S_NewVersions_Setups/android-studio/jre/jre/lib/amd64/libjava.so
7f54227e3000-7f54229e2000 ---p 0002d000 08:02 29755716                   /home/arun/Documents/Android_S_NewVersions_Setups/android-studio/jre/jre/lib/amd64/libjava.so
7f54229e2000-7f54229e3000 r--p 0002c000 08:02 29755716                   /home/arun/Documents/Android_S_NewVersions_Setups/android-studio/jre/jre/lib/amd64/libjava.so
7f54229e3000-7f54229e5000 rw-p 0002d000 08:02 29755716                   /home/arun/Documents/Android_S_NewVersions_Setups/android-studio/jre/jre/lib/amd64/libjava.so
7f54229e5000-7f54229f5000 r-xp 00000000 08:02 29755732                   /home/arun/Documents/Android_S_NewVersions_Setups/android-studio/jre/jre/lib/amd64/libverify.so
7f54229f5000-7f5422bf4000 ---p 00010000 08:02 29755732                   /home/arun/Documents/Android_S_NewVersions_Setups/android-studio/jre/jre/lib/amd64/libverify.so
7f5422bf4000-7f5422bf6000 r--p 0000f000 08:02 29755732                   /home/arun/Documents/Android_S_NewVersions_Setups/android-studio/jre/jre/lib/amd64/libverify.so
7f5422bf6000-7f5422bf7000 rw-p 00011000 08:02 29755732                   /home/arun/Documents/Android_S_NewVersions_Setups/android-studio/jre/jre/lib/amd64/libverify.so
7f5422bf7000-7f5422bfe000 r-xp 00000000 08:02 20185190                   /lib/x86_64-linux-gnu/librt-2.19.so
7f5422bfe000-7f5422dfd000 ---p 00007000 08:02 20185190                   /lib/x86_64-linux-gnu/librt-2.19.so
7f5422dfd000-7f5422dfe000 r--p 00006000 08:02 20185190                   /lib/x86_64-linux-gnu/librt-2.19.so
7f5422dfe000-7f5422dff000 rw-p 00007000 08:02 20185190                   /lib/x86_64-linux-gnu/librt-2.19.so
7f5422dff000-7f5422f04000 r-xp 00000000 08:02 20185118                   /lib/x86_64-linux-gnu/libm-2.19.so
7f5422f04000-7f5423103000 ---p 00105000 08:02 20185118                   /lib/x86_64-linux-gnu/libm-2.19.so
7f5423103000-7f5423104000 r--p 00104000 08:02 20185118                   /lib/x86_64-linux-gnu/libm-2.19.so
7f5423104000-7f5423105000 rw-p 00105000 08:02 20185118                   /lib/x86_64-linux-gnu/libm-2.19.so
7f5423105000-7f5423cf6000 r-xp 00000000 08:02 29755736                   /home/arun/Documents/Android_S_NewVersions_Setups/android-studio/jre/jre/lib/amd64/server/libjvm.so
7f5423cf6000-7f5423ef6000 ---p 00bf1000 08:02 29755736                   /home/arun/Documents/Android_S_NewVersions_Setups/android-studio/jre/jre/lib/amd64/server/libjvm.so
7f5423ef6000-7f5423f95000 r--p 00bf1000 08:02 29755736                   /home/arun/Documents/Android_S_NewVersions_Setups/android-studio/jre/jre/lib/amd64/server/libjvm.so
7f5423f95000-7f5423fbe000 rw-p 00c90000 08:02 29755736                   /home/arun/Documents/Android_S_NewVersions_Setups/android-studio/jre/jre/lib/amd64/server/libjvm.so
7f5423fbe000-7f5424002000 rw-p 00000000 00:00 0 
7f5424002000-7f542401b000 r-xp 00000000 08:02 20185183                   /lib/x86_64-linux-gnu/libpthread-2.19.so
7f542401b000-7f542421a000 ---p 00019000 08:02 20185183                   /lib/x86_64-linux-gnu/libpthread-2.19.so
7f542421a000-7f542421b000 r--p 00018000 08:02 20185183                   /lib/x86_64-linux-gnu/libpthread-2.19.so
7f542421b000-7f542421c000 rw-p 00019000 08:02 20185183                   /lib/x86_64-linux-gnu/libpthread-2.19.so
7f542421c000-7f5424220000 rw-p 00000000 00:00 0 
7f5424220000-7f5424223000 r-xp 00000000 08:02 20185178                   /lib/x86_64-linux-gnu/libdl-2.19.so
7f5424223000-7f5424422000 ---p 00003000 08:02 20185178                   /lib/x86_64-linux-gnu/libdl-2.19.so
7f5424422000-7f5424423000 r--p 00002000 08:02 20185178                   /lib/x86_64-linux-gnu/libdl-2.19.so
7f5424423000-7f5424424000 rw-p 00003000 08:02 20185178                   /lib/x86_64-linux-gnu/libdl-2.19.so
7f5424424000-7f54245de000 r-xp 00000000 08:02 20185191                   /lib/x86_64-linux-gnu/libc-2.19.so
7f54245de000-7f54247de000 ---p 001ba000 08:02 20185191                   /lib/x86_64-linux-gnu/libc-2.19.so
7f54247de000-7f54247e2000 r--p 001ba000 08:02 20185191                   /lib/x86_64-linux-gnu/libc-2.19.so
7f54247e2000-7f54247e4000 rw-p 001be000 08:02 20185191                   /lib/x86_64-linux-gnu/libc-2.19.so
7f54247e4000-7f54247e9000 rw-p 00000000 00:00 0 
7f54247e9000-7f54247ff000 r-xp 00000000 08:02 29754538                   /home/arun/Documents/Android_S_NewVersions_Setups/android-studio/jre/lib/amd64/jli/libjli.so
7f54247ff000-7f54249fe000 ---p 00016000 08:02 29754538                   /home/arun/Documents/Android_S_NewVersions_Setups/android-studio/jre/lib/amd64/jli/libjli.so
7f54249fe000-7f54249ff000 r--p 00015000 08:02 29754538                   /home/arun/Documents/Android_S_NewVersions_Setups/android-studio/jre/lib/amd64/jli/libjli.so
7f54249ff000-7f5424a00000 rw-p 00016000 08:02 29754538                   /home/arun/Documents/Android_S_NewVersions_Setups/android-studio/jre/lib/amd64/jli/libjli.so
7f5424a00000-7f5424a23000 r-xp 00000000 08:02 20185184                   /lib/x86_64-linux-gnu/ld-2.19.so
7f5424a2d000-7f5424b01000 rw-p 00000000 00:00 0 
7f5424b01000-7f5424b04000 ---p 00000000 00:00 0 
7f5424b04000-7f5424c07000 rw-p 00000000 00:00 0                          [stack:18069]
7f5424c07000-7f5424c16000 r--s 000df000 08:02 24908096                   /home/arun/Android/Sdk/build-tools/23.0.2/lib/dx.jar
7f5424c16000-7f5424c1e000 rw-s 00000000 08:02 18761649                   /tmp/hsperfdata_arun/18063
7f5424c1e000-7f5424c1f000 rw-p 00000000 00:00 0 
7f5424c1f000-7f5424c20000 ---p 00000000 00:00 0 
7f5424c20000-7f5424c22000 rw-p 00000000 00:00 0 
7f5424c22000-7f5424c23000 r--p 00022000 08:02 20185184                   /lib/x86_64-linux-gnu/ld-2.19.so
7f5424c23000-7f5424c24000 rw-p 00023000 08:02 20185184                   /lib/x86_64-linux-gnu/ld-2.19.so
7f5424c24000-7f5424c25000 rw-p 00000000 00:00 0 
7fff9311a000-7fff9313c000 rw-p 00000000 00:00 0                          [stack]
7fff931fe000-7fff93200000 r-xp 00000000 00:00 0                          [vdso]
ffffffffff600000-ffffffffff601000 r-xp 00000000 00:00 0                  [vsyscall]

VM Arguments:
jvm_args: -Djava.awt.headless=true -Xmx4g -Dfile.encoding=UTF-8 -Duser.country=IN -Duser.language=en -Duser.variant 
java_command: com.android.dx.command.Main --dex --num-threads=4 --multi-dex --main-dex-list /home/arun/Documents/Arun/Untitled Folder/Documents/Zoom2u App For Android studio/Z2U_Last_Live/Z2U_Courier_Release_App/zoom2u/build/intermediates/multi-dex/debug/maindexlist.txt --output /home/arun/Documents/Arun/Untitled Folder/Documents/Zoom2u App For Android studio/Z2U_Last_Live/Z2U_Courier_Release_App/zoom2u/build/intermediates/transforms/dex/debug/folders/1000/1f/main /home/arun/Documents/Arun/Untitled Folder/Documents/Zoom2u App For Android studio/Z2U_Last_Live/Z2U_Courier_Release_App/zoom2u/build/intermediates/transforms/jarMerging/debug/jars/1/1f/combined.jar
java_class_path (initial): /home/arun/Android/Sdk/build-tools/23.0.2/lib/dx.jar
Launcher Type: SUN_STANDARD

Environment Variables:
JAVA_HOME=/usr/local/java/jdk1.8.0_91/bin
PATH=/usr/local/sbin:/usr/local/bin:/usr/sbin:/usr/bin:/sbin:/bin:/usr/games:/usr/local/games:/usr/local/java/jdk1.8.0_91/bin
LD_LIBRARY_PATH=.:
SHELL=/bin/bash
DISPLAY=:0

Signal Handlers:
SIGSEGV: [libjvm.so+0x9e5150], sa_mask[0]=11111111011111111101111111111110, sa_flags=SA_RESTART|SA_SIGINFO
SIGBUS: [libjvm.so+0x9e5150], sa_mask[0]=11111111011111111101111111111110, sa_flags=SA_RESTART|SA_SIGINFO
SIGFPE: [libjvm.so+0x848450], sa_mask[0]=11111111011111111101111111111110, sa_flags=SA_RESTART|SA_SIGINFO
SIGPIPE: [libjvm.so+0x848450], sa_mask[0]=11111111011111111101111111111110, sa_flags=SA_RESTART|SA_SIGINFO
SIGXFSZ: [libjvm.so+0x848450], sa_mask[0]=11111111011111111101111111111110, sa_flags=SA_RESTART|SA_SIGINFO
SIGILL: [libjvm.so+0x848450], sa_mask[0]=11111111011111111101111111111110, sa_flags=SA_RESTART|SA_SIGINFO
SIGUSR1: SIG_DFL, sa_mask[0]=00000000000000000000000000000000, sa_flags=none
SIGUSR2: [libjvm.so+0x848320], sa_mask[0]=00100000000000000000000000000000, sa_flags=SA_RESTART|SA_SIGINFO
SIGHUP: [libjvm.so+0x848510], sa_mask[0]=11111111011111111101111111111110, sa_flags=SA_RESTART|SA_SIGINFO
SIGINT: [libjvm.so+0x848510], sa_mask[0]=11111111011111111101111111111110, sa_flags=SA_RESTART|SA_SIGINFO
SIGTERM: [libjvm.so+0x848510], sa_mask[0]=11111111011111111101111111111110, sa_flags=SA_RESTART|SA_SIGINFO
SIGQUIT: [libjvm.so+0x848510], sa_mask[0]=11111111011111111101111111111110, sa_flags=SA_RESTART|SA_SIGINFO


---------------  S Y S T E M  ---------------

OS:DISTRIB_ID=Ubuntu
DISTRIB_RELEASE=14.04
DISTRIB_CODENAME=trusty
DISTRIB_DESCRIPTION="Ubuntu 14.04 LTS"

uname:Linux 3.13.0-24-generic #46-Ubuntu SMP Thu Apr 10 19:11:08 UTC 2014 x86_64
libc:glibc 2.19 NPTL 2.19 
rlimit: STACK 8192k, CORE 0k, NPROC 61339, NOFILE 4096, AS infinity
load average:23.17 16.90 12.39

/proc/meminfo:
MemTotal:        8075044 kB
MemFree:          126556 kB
Buffers:            1496 kB
Cached:          1411464 kB
SwapCached:        22752 kB
Active:          6433012 kB
Inactive:        1196768 kB
Active(anon):    6411668 kB
Inactive(anon):  1168816 kB
Active(file):      21344 kB
Inactive(file):    27952 kB
Unevictable:         444 kB
Mlocked:             444 kB
SwapTotal:       4091900 kB
SwapFree:         198920 kB
Dirty:               400 kB
Writeback:             0 kB
AnonPages:       6196364 kB
Mapped:           464040 kB
Shmem:           1363524 kB
Slab:              90620 kB
SReclaimable:      40368 kB
SUnreclaim:        50252 kB
KernelStack:        7640 kB
PageTables:        83456 kB
NFS_Unstable:          0 kB
Bounce:                0 kB
WritebackTmp:          0 kB
CommitLimit:     8129420 kB
Committed_AS:   20106164 kB
VmallocTotal:   34359738367 kB
VmallocUsed:      358936 kB
VmallocChunk:   34359330216 kB
HardwareCorrupted:     0 kB
AnonHugePages:   1144832 kB
HugePages_Total:       0
HugePages_Free:        0
HugePages_Rsvd:        0
HugePages_Surp:        0
Hugepagesize:       2048 kB
DirectMap4k:       59952 kB
DirectMap2M:     1935360 kB
DirectMap1G:     6291456 kB


CPU:total 4 (4 cores per cpu, 1 threads per core) family 6 model 60 stepping 3, cmov, cx8, fxsr, mmx, sse, sse2, sse3, ssse3, sse4.1, sse4.2, popcnt, avx, avx2, aes, clmul, erms, lzcnt, tsc, tscinvbit, bmi1, bmi2

/proc/cpuinfo:
processor	: 0
vendor_id	: GenuineIntel
cpu family	: 6
model		: 60
model name	: Intel(R) Core(TM) i5-4460  CPU @ 3.20GHz
stepping	: 3
microcode	: 0x12
cpu MHz		: 800.000
cache size	: 6144 KB
physical id	: 0
siblings	: 4
core id		: 0
cpu cores	: 4
apicid		: 0
initial apicid	: 0
fpu		: yes
fpu_exception	: yes
cpuid level	: 13
wp		: yes
flags		: fpu vme de pse tsc msr pae mce cx8 apic sep mtrr pge mca cmov pat pse36 clflush dts acpi mmx fxsr sse sse2 ss ht tm pbe syscall nx pdpe1gb rdtscp lm constant_tsc arch_perfmon pebs bts rep_good nopl xtopology nonstop_tsc aperfmperf eagerfpu pni pclmulqdq dtes64 monitor ds_cpl vmx est tm2 ssse3 fma cx16 xtpr pdcm pcid sse4_1 sse4_2 x2apic movbe popcnt tsc_deadline_timer aes xsave avx f16c rdrand lahf_lm abm ida arat xsaveopt pln pts dtherm tpr_shadow vnmi flexpriority ept vpid fsgsbase tsc_adjust bmi1 avx2 smep bmi2 erms invpcid
bogomips	: 6385.05
clflush size	: 64
cache_alignment	: 64
address sizes	: 39 bits physical, 48 bits virtual
power management:

processor	: 1
vendor_id	: GenuineIntel
cpu family	: 6
model		: 60
model name	: Intel(R) Core(TM) i5-4460  CPU @ 3.20GHz
stepping	: 3
microcode	: 0x12
cpu MHz		: 3201.000
cache size	: 6144 KB
physical id	: 0
siblings	: 4
core id		: 1
cpu cores	: 4
apicid		: 2
initial apicid	: 2
fpu		: yes
fpu_exception	: yes
cpuid level	: 13
wp		: yes
flags		: fpu vme de pse tsc msr pae mce cx8 apic sep mtrr pge mca cmov pat pse36 clflush dts acpi mmx fxsr sse sse2 ss ht tm pbe syscall nx pdpe1gb rdtscp lm constant_tsc arch_perfmon pebs bts rep_good nopl xtopology nonstop_tsc aperfmperf eagerfpu pni pclmulqdq dtes64 monitor ds_cpl vmx est tm2 ssse3 fma cx16 xtpr pdcm pcid sse4_1 sse4_2 x2apic movbe popcnt tsc_deadline_timer aes xsave avx f16c rdrand lahf_lm abm ida arat xsaveopt pln pts dtherm tpr_shadow vnmi flexpriority ept vpid fsgsbase tsc_adjust bmi1 avx2 smep bmi2 erms invpcid
bogomips	: 6385.05
clflush size	: 64
cache_alignment	: 64
address sizes	: 39 bits physical, 48 bits virtual
power management:

processor	: 2
vendor_id	: GenuineIntel
cpu family	: 6
model		: 60
model name	: Intel(R) Core(TM) i5-4460  CPU @ 3.20GHz
stepping	: 3
microcode	: 0x12
cpu MHz		: 2000.000
cache size	: 6144 KB
physical id	: 0
siblings	: 4
core id		: 2
cpu cores	: 4
apicid		: 4
initial apicid	: 4
fpu		: yes
fpu_exception	: yes
cpuid level	: 13
wp		: yes
flags		: fpu vme de pse tsc msr pae mce cx8 apic sep mtrr pge mca cmov pat pse36 clflush dts acpi mmx fxsr sse sse2 ss ht tm pbe syscall nx pdpe1gb rdtscp lm constant_tsc arch_perfmon pebs bts rep_good nopl xtopology nonstop_tsc aperfmperf eagerfpu pni pclmulqdq dtes64 monitor ds_cpl vmx est tm2 ssse3 fma cx16 xtpr pdcm pcid sse4_1 sse4_2 x2apic movbe popcnt tsc_deadline_timer aes xsave avx f16c rdrand lahf_lm abm ida arat xsaveopt pln pts dtherm tpr_shadow vnmi flexpriority ept vpid fsgsbase tsc_adjust bmi1 avx2 smep bmi2 erms invpcid
bogomips	: 6385.05
clflush size	: 64
cache_alignment	: 64
address sizes	: 39 bits physical, 48 bits virtual
power management:

processor	: 3
vendor_id	: GenuineIntel
cpu family	: 6
model		: 60
model name	: Intel(R) Core(TM) i5-4460  CPU @ 3.20GHz
stepping	: 3
microcode	: 0x12
cpu MHz		: 3201.000
cache size	: 6144 KB
physical id	: 0
siblings	: 4
core id		: 3
cpu cores	: 4
apicid		: 6
initial apicid	: 6
fpu		: yes
fpu_exception	: yes
cpuid level	: 13
wp		: yes
flags		: fpu vme de pse tsc msr pae mce cx8 apic sep mtrr pge mca cmov pat pse36 clflush dts acpi mmx fxsr sse sse2 ss ht tm pbe syscall nx pdpe1gb rdtscp lm constant_tsc arch_perfmon pebs bts rep_good nopl xtopology nonstop_tsc aperfmperf eagerfpu pni pclmulqdq dtes64 monitor ds_cpl vmx est tm2 ssse3 fma cx16 xtpr pdcm pcid sse4_1 sse4_2 x2apic movbe popcnt tsc_deadline_timer aes xsave avx f16c rdrand lahf_lm abm ida arat xsaveopt pln pts dtherm tpr_shadow vnmi flexpriority ept vpid fsgsbase tsc_adjust bmi1 avx2 smep bmi2 erms invpcid
bogomips	: 6385.05
clflush size	: 64
cache_alignment	: 64
address sizes	: 39 bits physical, 48 bits virtual
power management:



Memory: 4k page, physical 8075044k(126556k free), swap 4091900k(198920k free)

vm_info: OpenJDK 64-Bit Server VM (25.112-b06) for linux-amd64 JRE (1.8.0_112-release-b06), built on Dec  6 2016 12:11:18 by "builder" with gcc 4.8.4

time: Wed Apr 18 18:52:29 2018
elapsed time: 133 seconds (0d 0h 2m 13s)

