#
# There is insufficient memory for the Java Runtime Environment to continue.
# Native memory allocation (mmap) failed to map 71303168 bytes for committing reserved memory.
# Possible reasons:
#   The system is out of physical RAM or swap space
#   In 32 bit mode, the process size limit was hit
# Possible solutions:
#   Reduce memory load on the system
#   Increase physical memory or swap space
#   Check if swap backing store is full
#   Use 64 bit Java on a 64 bit OS
#   Decrease Java heap size (-Xmx/-Xms)
#   Decrease number of Java threads
#   Decrease Java thread stack sizes (-Xss)
#   Set larger code cache with -XX:ReservedCodeCacheSize=
# This output file may be truncated or incomplete.
#
#  Out of Memory Error (os_linux.cpp:2627), pid=26215, tid=0x00007fa3effff700
#
# JRE version: OpenJDK Runtime Environment (8.0_112-b06) (build 1.8.0_112-release-b06)
# Java VM: OpenJDK 64-Bit Server VM (25.112-b06 mixed mode linux-amd64 compressed oops)
# Failed to write core dump. Core dumps have been disabled. To enable core dumping, try "ulimit -c unlimited" before starting Java again
#

---------------  T H R E A D  ---------------

Current thread (0x00007fa404078000):  VMThread [stack: 0x00007fa3efeff000,0x00007fa3f0000000] [id=26225]

Stack: [0x00007fa3efeff000,0x00007fa3f0000000],  sp=0x00007fa3efffe490,  free space=1021k
Native frames: (J=compiled Java code, j=interpreted, Vv=VM code, C=native code)
V  [libjvm.so+0x9e465d]  VMError::report_and_die()+0x15d
V  [libjvm.so+0x4b6ada]  report_vm_out_of_memory(char const*, int, unsigned long, VMErrorType, char const*)+0x8a
V  [libjvm.so+0x84c860]  os::pd_commit_memory(char*, unsigned long, unsigned long, bool)+0xf0
V  [libjvm.so+0x84737f]  os::commit_memory(char*, unsigned long, unsigned long, bool)+0x1f
V  [libjvm.so+0x8bd3db]  PSVirtualSpace::expand_by(unsigned long)+0x5b
V  [libjvm.so+0x8ae1bb]  PSOldGen::expand_by(unsigned long) [clone .part.109]+0x1b
V  [libjvm.so+0x8ae37b]  PSOldGen::expand(unsigned long) [clone .part.111]+0xdb
V  [libjvm.so+0x8aec58]  PSOldGen::resize(unsigned long)+0x188
V  [libjvm.so+0x8b426c]  PSParallelCompact::invoke_no_policy(bool)+0x97c
V  [libjvm.so+0x8bb37d]  PSScavenge::invoke()+0x17d
V  [libjvm.so+0x86fcf3]  ParallelScavengeHeap::failed_mem_allocate(unsigned long)+0x63
V  [libjvm.so+0x9e6124]  VM_ParallelGCFailedAllocation::doit()+0x84
V  [libjvm.so+0x9ea537]  VM_Operation::evaluate()+0x47
V  [libjvm.so+0x9e8ff8]  VMThread::evaluate_operation(VM_Operation*)+0x2c8
V  [libjvm.so+0x9e9479]  VMThread::loop()+0x219
V  [libjvm.so+0x9e98c2]  VMThread::run()+0x72
V  [libjvm.so+0x849c82]  java_start(Thread*)+0xf2

VM_Operation (0x00007fa3eec14fc0): ParallelGCFailedAllocation, mode: safepoint, requested by thread 0x00007fa4041b9800


---------------  P R O C E S S  ---------------

Java Threads: ( => current thread )
  0x00007fa40419f000 JavaThread "pool-1-thread-1" [_thread_blocked, id=26241, stack(0x00007fa3ee914000,0x00007fa3eea15000)]
  0x00007fa4041bb800 JavaThread "pool-2-thread-4" [_thread_blocked, id=26238, stack(0x00007fa3eea15000,0x00007fa3eeb16000)]
  0x00007fa4041b9800 JavaThread "pool-2-thread-3" [_thread_blocked, id=26237, stack(0x00007fa3eeb16000,0x00007fa3eec17000)]
  0x00007fa4041b8000 JavaThread "pool-2-thread-2" [_thread_blocked, id=26236, stack(0x00007fa3eec17000,0x00007fa3eed18000)]
  0x00007fa4041b7000 JavaThread "pool-3-thread-1" [_thread_blocked, id=26235, stack(0x00007fa3eed18000,0x00007fa3eee19000)]
  0x00007fa4041b5000 JavaThread "pool-2-thread-1" [_thread_blocked, id=26234, stack(0x00007fa3eee19000,0x00007fa3eef1a000)]
  0x00007fa4040c0800 JavaThread "Service Thread" daemon [_thread_blocked, id=26232, stack(0x00007fa3ef116000,0x00007fa3ef217000)]
  0x00007fa4040bd000 JavaThread "C1 CompilerThread2" daemon [_thread_blocked, id=26231, stack(0x00007fa3ef217000,0x00007fa3ef318000)]
  0x00007fa4040bb800 JavaThread "C2 CompilerThread1" daemon [_thread_blocked, id=26230, stack(0x00007fa3ef318000,0x00007fa3ef419000)]
  0x00007fa4040b8800 JavaThread "C2 CompilerThread0" daemon [_thread_blocked, id=26229, stack(0x00007fa3ef419000,0x00007fa3ef51a000)]
  0x00007fa4040b7000 JavaThread "Signal Dispatcher" daemon [_thread_blocked, id=26228, stack(0x00007fa3ef51a000,0x00007fa3ef61b000)]
  0x00007fa404084800 JavaThread "Finalizer" daemon [_thread_blocked, id=26227, stack(0x00007fa3efcfd000,0x00007fa3efdfe000)]
  0x00007fa404080000 JavaThread "Reference Handler" daemon [_thread_blocked, id=26226, stack(0x00007fa3efdfe000,0x00007fa3efeff000)]
  0x00007fa40400a800 JavaThread "main" [_thread_blocked, id=26220, stack(0x00007fa40d5c8000,0x00007fa40d6c9000)]

Other Threads:
=>0x00007fa404078000 VMThread [stack: 0x00007fa3efeff000,0x00007fa3f0000000] [id=26225]
  0x00007fa4040c3000 WatcherThread [stack: 0x00007fa3ef015000,0x00007fa3ef116000] [id=26233]

VM state:at safepoint (normal execution)

VM Mutex/Monitor currently owned by a thread:  ([mutex/lock_event])
[0x00007fa4040066f0] ExpandHeap_lock - owner thread: 0x00007fa404078000
[0x00007fa404006d70] Threads_lock - owner thread: 0x00007fa404078000
[0x00007fa404007270] Heap_lock - owner thread: 0x00007fa4041b9800

Heap:
 PSYoungGen      total 1122304K, used 0K [0x000000076ab00000, 0x00000007c0000000, 0x00000007c0000000)
  eden space 831488K, 0% used [0x000000076ab00000,0x000000076ab00000,0x000000079d700000)
  from space 290816K, 0% used [0x00000007ae400000,0x00000007ae400000,0x00000007c0000000)
  to   space 275456K, 0% used [0x000000079d700000,0x000000079d700000,0x00000007ae400000)
 ParOldGen       total 981504K, used 694649K [0x00000006c0000000, 0x00000006fbe80000, 0x000000076ab00000)
  object space 981504K, 70% used [0x00000006c0000000,0x00000006ea65e4f0,0x00000006fbe80000)
 Metaspace       used 7474K, capacity 7864K, committed 8192K, reserved 1056768K
  class space    used 656K, capacity 688K, committed 768K, reserved 1048576K

Card table byte_map: [0x00007fa409c65000,0x00007fa40a466000] byte_map_base: 0x00007fa406665000

Marking Bits: (ParMarkBitMap*) 0x00007fa40ca9a340
 Begin Bits: [0x00007fa3d0000000, 0x00007fa3d4000000)
 End Bits:   [0x00007fa3d4000000, 0x00007fa3d8000000)

Polling page: 0x00007fa40d6e6000

CodeCache: size=245760Kb used=15118Kb max_used=17367Kb free=230641Kb
 bounds [0x00007fa3f5000000, 0x00007fa3f6110000, 0x00007fa404000000]
 total_blobs=3465 nmethods=3183 adapters=196
 compilation: enabled

Compilation events (10 events):
Event: 82.841 Thread 0x00007fa4040bb800 nmethod 4466 0x00007fa3f5674210 code [0x00007fa3f56743a0, 0x00007fa3f5674828]
Event: 82.841 Thread 0x00007fa4040bb800 4467       4       com.android.dx.dex.file.CodeItem::<init> (81 bytes)
Event: 82.843 Thread 0x00007fa4040bd000 4468       3       com.android.dx.cf.code.ExecutionStack::peekLocal (46 bytes)
Event: 82.844 Thread 0x00007fa4040bd000 nmethod 4468 0x00007fa3f56a56d0 code [0x00007fa3f56a5860, 0x00007fa3f56a5bd8]
Event: 82.844 Thread 0x00007fa4040bd000 4469       3       com.android.dx.cf.code.BaseMachine::popArgs (204 bytes)
Event: 82.845 Thread 0x00007fa4040bd000 nmethod 4469 0x00007fa3f5a1e490 code [0x00007fa3f5a1e900, 0x00007fa3f5a20f28]
Event: 82.857 Thread 0x00007fa4040bb800 nmethod 4467 0x00007fa3f5907ad0 code [0x00007fa3f5907c20, 0x00007fa3f5907d78]
Event: 82.857 Thread 0x00007fa4040bb800 4472       4       com.android.dx.dex.cf.OptimizerOptions::shouldOptimize (38 bytes)
Event: 82.858 Thread 0x00007fa4040bb800 nmethod 4472 0x00007fa3f5b66990 code [0x00007fa3f5b66ae0, 0x00007fa3f5b66b78]
Event: 82.858 Thread 0x00007fa4040bb800 4470       4       com.android.dx.ssa.Optimizer::optimize (67 bytes)

GC Heap History (10 events):
Event: 25.959 GC heap after
Heap after GC invocations=19 (full 4):
 PSYoungGen      total 1008640K, used 217596K [0x000000076ab00000, 0x00000007c0000000, 0x00000007c0000000)
  eden space 791040K, 0% used [0x000000076ab00000,0x000000076ab00000,0x000000079af80000)
  from space 217600K, 99% used [0x000000079af80000,0x00000007a83ff248,0x00000007a8400000)
  to   space 265216K, 0% used [0x00000007afd00000,0x00000007afd00000,0x00000007c0000000)
 ParOldGen       total 694784K, used 481087K [0x00000006c0000000, 0x00000006ea680000, 0x000000076ab00000)
  object space 694784K, 69% used [0x00000006c0000000,0x00000006dd5cffa0,0x00000006ea680000)
 Metaspace       used 6558K, capacity 7280K, committed 7552K, reserved 1056768K
  class space    used 595K, capacity 616K, committed 640K, reserved 1048576K
}
Event: 34.565 GC heap before
{Heap before GC invocations=20 (full 4):
 PSYoungGen      total 1008640K, used 1008636K [0x000000076ab00000, 0x00000007c0000000, 0x00000007c0000000)
  eden space 791040K, 100% used [0x000000076ab00000,0x000000079af80000,0x000000079af80000)
  from space 217600K, 99% used [0x000000079af80000,0x00000007a83ff248,0x00000007a8400000)
  to   space 265216K, 0% used [0x00000007afd00000,0x00000007afd00000,0x00000007c0000000)
 ParOldGen       total 694784K, used 481087K [0x00000006c0000000, 0x00000006ea680000, 0x000000076ab00000)
  object space 694784K, 69% used [0x00000006c0000000,0x00000006dd5cffa0,0x00000006ea680000)
 Metaspace       used 6675K, capacity 7346K, committed 7552K, reserved 1056768K
  class space    used 603K, capacity 618K, committed 640K, reserved 1048576K
Event: 61.553 GC heap after
Heap after GC invocations=20 (full 4):
 PSYoungGen      total 1084416K, used 203927K [0x000000076ab00000, 0x00000007c0000000, 0x00000007c0000000)
  eden space 819200K, 0% used [0x000000076ab00000,0x000000076ab00000,0x000000079cb00000)
  from space 265216K, 76% used [0x00000007afd00000,0x00000007bc425c48,0x00000007c0000000)
  to   space 289280K, 0% used [0x000000079cb00000,0x000000079cb00000,0x00000007ae580000)
 ParOldGen       total 694784K, used 608473K [0x00000006c0000000, 0x00000006ea680000, 0x000000076ab00000)
  object space 694784K, 87% used [0x00000006c0000000,0x00000006e52365c0,0x00000006ea680000)
 Metaspace       used 6675K, capacity 7346K, committed 7552K, reserved 1056768K
  class space    used 603K, capacity 618K, committed 640K, reserved 1048576K
}
Event: 62.917 GC heap before
{Heap before GC invocations=21 (full 5):
 PSYoungGen      total 1084416K, used 203927K [0x000000076ab00000, 0x00000007c0000000, 0x00000007c0000000)
  eden space 819200K, 0% used [0x000000076ab00000,0x000000076ab00000,0x000000079cb00000)
  from space 265216K, 76% used [0x00000007afd00000,0x00000007bc425c48,0x00000007c0000000)
  to   space 289280K, 0% used [0x000000079cb00000,0x000000079cb00000,0x00000007ae580000)
 ParOldGen       total 694784K, used 608473K [0x00000006c0000000, 0x00000006ea680000, 0x000000076ab00000)
  object space 694784K, 87% used [0x00000006c0000000,0x00000006e52365c0,0x00000006ea680000)
 Metaspace       used 6675K, capacity 7346K, committed 7552K, reserved 1056768K
  class space    used 603K, capacity 618K, committed 640K, reserved 1048576K
Event: 67.787 GC heap after
Heap after GC invocations=21 (full 5):
 PSYoungGen      total 1084416K, used 103273K [0x000000076ab00000, 0x00000007c0000000, 0x00000007c0000000)
  eden space 819200K, 0% used [0x000000076ab00000,0x000000076ab00000,0x000000079cb00000)
  from space 265216K, 38% used [0x00000007afd00000,0x00000007b61da6e8,0x00000007c0000000)
  to   space 289280K, 0% used [0x000000079cb00000,0x000000079cb00000,0x00000007ae580000)
 ParOldGen       total 981504K, used 694382K [0x00000006c0000000, 0x00000006fbe80000, 0x000000076ab00000)
  object space 981504K, 70% used [0x00000006c0000000,0x00000006ea61b948,0x00000006fbe80000)
 Metaspace       used 6675K, capacity 7346K, committed 7552K, reserved 1056768K
  class space    used 603K, capacity 618K, committed 640K, reserved 1048576K
}
Event: 77.778 GC heap before
{Heap before GC invocations=22 (full 5):
 PSYoungGen      total 1084416K, used 922473K [0x000000076ab00000, 0x00000007c0000000, 0x00000007c0000000)
  eden space 819200K, 100% used [0x000000076ab00000,0x000000079cb00000,0x000000079cb00000)
  from space 265216K, 38% used [0x00000007afd00000,0x00000007b61da6e8,0x00000007c0000000)
  to   space 289280K, 0% used [0x000000079cb00000,0x000000079cb00000,0x00000007ae580000)
 ParOldGen       total 981504K, used 694382K [0x00000006c0000000, 0x00000006fbe80000, 0x000000076ab00000)
  object space 981504K, 70% used [0x00000006c0000000,0x00000006ea61b948,0x00000006fbe80000)
 Metaspace       used 7115K, capacity 7764K, committed 7936K, reserved 1056768K
  class space    used 622K, capacity 652K, committed 768K, reserved 1048576K
Event: 78.403 GC heap after
Heap after GC invocations=22 (full 5):
 PSYoungGen      total 979456K, used 159752K [0x000000076ab00000, 0x00000007c0000000, 0x00000007c0000000)
  eden space 819200K, 0% used [0x000000076ab00000,0x000000076ab00000,0x000000079cb00000)
  from space 160256K, 99% used [0x000000079cb00000,0x00000007a6702058,0x00000007a6780000)
  to   space 290816K, 0% used [0x00000007ae400000,0x00000007ae400000,0x00000007c0000000)
 ParOldGen       total 981504K, used 780689K [0x00000006c0000000, 0x00000006fbe80000, 0x000000076ab00000)
  object space 981504K, 79% used [0x00000006c0000000,0x00000006efa646d8,0x00000006fbe80000)
 Metaspace       used 7115K, capacity 7764K, committed 7936K, reserved 1056768K
  class space    used 622K, capacity 652K, committed 768K, reserved 1048576K
}
Event: 83.997 GC heap before
{Heap before GC invocations=23 (full 5):
 PSYoungGen      total 979456K, used 978952K [0x000000076ab00000, 0x00000007c0000000, 0x00000007c0000000)
  eden space 819200K, 100% used [0x000000076ab00000,0x000000079cb00000,0x000000079cb00000)
  from space 160256K, 99% used [0x000000079cb00000,0x00000007a6702058,0x00000007a6780000)
  to   space 290816K, 0% used [0x00000007ae400000,0x00000007ae400000,0x00000007c0000000)
 ParOldGen       total 981504K, used 780689K [0x00000006c0000000, 0x00000006fbe80000, 0x000000076ab00000)
  object space 981504K, 79% used [0x00000006c0000000,0x00000006efa646d8,0x00000006fbe80000)
 Metaspace       used 7474K, capacity 7864K, committed 8192K, reserved 1056768K
  class space    used 656K, capacity 688K, committed 768K, reserved 1048576K
Event: 89.991 GC heap after
Heap after GC invocations=23 (full 5):
 PSYoungGen      total 1122304K, used 117396K [0x000000076ab00000, 0x00000007c0000000, 0x00000007c0000000)
  eden space 831488K, 0% used [0x000000076ab00000,0x000000076ab00000,0x000000079d700000)
  from space 290816K, 40% used [0x00000007ae400000,0x00000007b56a5220,0x00000007c0000000)
  to   space 275456K, 0% used [0x000000079d700000,0x000000079d700000,0x00000007ae400000)
 ParOldGen       total 981504K, used 937950K [0x00000006c0000000, 0x00000006fbe80000, 0x000000076ab00000)
  object space 981504K, 95% used [0x00000006c0000000,0x00000006f93f7ac8,0x00000006fbe80000)
 Metaspace       used 7474K, capacity 7864K, committed 8192K, reserved 1056768K
  class space    used 656K, capacity 688K, committed 768K, reserved 1048576K
}
Event: 89.991 GC heap before
{Heap before GC invocations=24 (full 6):
 PSYoungGen      total 1122304K, used 117396K [0x000000076ab00000, 0x00000007c0000000, 0x00000007c0000000)
  eden space 831488K, 0% used [0x000000076ab00000,0x000000076ab00000,0x000000079d700000)
  from space 290816K, 40% used [0x00000007ae400000,0x00000007b56a5220,0x00000007c0000000)
  to   space 275456K, 0% used [0x000000079d700000,0x000000079d700000,0x00000007ae400000)
 ParOldGen       total 981504K, used 937950K [0x00000006c0000000, 0x00000006fbe80000, 0x000000076ab00000)
  object space 981504K, 95% used [0x00000006c0000000,0x00000006f93f7ac8,0x00000006fbe80000)
 Metaspace       used 7474K, capacity 7864K, committed 8192K, reserved 1056768K
  class space    used 656K, capacity 688K, committed 768K, reserved 1048576K

Deoptimization events (10 events):
Event: 80.948 Thread 0x00007fa40419f000 Uncommon trap: reason=unstable_if action=reinterpret pc=0x00007fa3f51800cc method=java.lang.String.replace(CC)Ljava/lang/String; @ 2
Event: 80.965 Thread 0x00007fa4041bb800 Uncommon trap: reason=unstable_if action=reinterpret pc=0x00007fa3f564e054 method=com.android.dx.ssa.back.FirstFitLocalCombiningAllocator.findNextUnreservedRopReg(IILcom/android/dx/ssa/back/FirstFitLocalCombiningAllocator$Alignment;)I @ 32
Event: 82.003 Thread 0x00007fa4041bb800 Uncommon trap: reason=bimorphic action=maybe_recompile pc=0x00007fa3f5a83518 method=com.android.dx.cf.code.BytecodeArray.parseInstruction(ILcom/android/dx/cf/code/BytecodeArray$Visitor;)I @ 1597
Event: 82.003 Thread 0x00007fa4041bb800 Uncommon trap: reason=bimorphic action=maybe_recompile pc=0x00007fa3f5a83518 method=com.android.dx.cf.code.BytecodeArray.parseInstruction(ILcom/android/dx/cf/code/BytecodeArray$Visitor;)I @ 1597
Event: 82.107 Thread 0x00007fa40419f000 Uncommon trap: reason=class_check action=maybe_recompile pc=0x00007fa3f5a30658 method=java.util.HashMap.putVal(ILjava/lang/Object;Ljava/lang/Object;ZZ)Ljava/lang/Object; @ 56
Event: 82.107 Thread 0x00007fa40419f000 Uncommon trap: reason=class_check action=maybe_recompile pc=0x00007fa3f5a30658 method=java.util.HashMap.putVal(ILjava/lang/Object;Ljava/lang/Object;ZZ)Ljava/lang/Object; @ 56
Event: 82.108 Thread 0x00007fa40419f000 Uncommon trap: reason=class_check action=maybe_recompile pc=0x00007fa3f5a30658 method=java.util.HashMap.putVal(ILjava/lang/Object;Ljava/lang/Object;ZZ)Ljava/lang/Object; @ 56
Event: 82.108 Thread 0x00007fa40419f000 Uncommon trap: reason=class_check action=maybe_recompile pc=0x00007fa3f5a30710 method=java.util.HashMap.putVal(ILjava/lang/Object;Ljava/lang/Object;ZZ)Ljava/lang/Object; @ 152
Event: 82.108 Thread 0x00007fa40419f000 Uncommon trap: reason=class_check action=maybe_recompile pc=0x00007fa3f5a30710 method=java.util.HashMap.putVal(ILjava/lang/Object;Ljava/lang/Object;ZZ)Ljava/lang/Object; @ 152
Event: 82.793 Thread 0x00007fa4041b8000 Uncommon trap: reason=unstable_if action=reinterpret pc=0x00007fa3f5ea25b8 method=com.android.dx.cf.code.Simulator$SimVisitor.visitNoArgs(IIILcom/android/dx/rop/type/Type;)V @ 1277

Internal exceptions (9 events):
Event: 0.019 Thread 0x00007fa40400a800 Exception <a 'java/lang/NoSuchMethodError': Method sun.misc.Unsafe.defineClass(Ljava/lang/String;[BII)Ljava/lang/Class; name or signature does not match> (0x000000076ab07c78) thrown at [/ssd/Android/AOSP-openjdk/external/jetbrains/jdk/hotspot/src/share/vm
Event: 0.019 Thread 0x00007fa40400a800 Exception <a 'java/lang/NoSuchMethodError': Method sun.misc.Unsafe.prefetchRead(Ljava/lang/Object;J)V name or signature does not match> (0x000000076ab07f60) thrown at [/ssd/Android/AOSP-openjdk/external/jetbrains/jdk/hotspot/src/share/vm/prims/jni.cpp, li
Event: 0.688 Thread 0x00007fa4041b8000 Implicit null exception at 0x00007fa3f5326631 to 0x00007fa3f5328db5
Event: 0.931 Thread 0x00007fa4041b5000 Exception <a 'java/lang/ArrayIndexOutOfBoundsException': 18> (0x000000076c9b0500) thrown at [/ssd/Android/AOSP-openjdk/external/jetbrains/jdk/hotspot/src/share/vm/interpreter/interpreterRuntime.cpp, line 366]
Event: 0.932 Thread 0x00007fa4041b5000 Exception <a 'java/lang/ArrayIndexOutOfBoundsException': 145> (0x000000076c9b2080) thrown at [/ssd/Android/AOSP-openjdk/external/jetbrains/jdk/hotspot/src/share/vm/interpreter/interpreterRuntime.cpp, line 366]
Event: 0.937 Thread 0x00007fa4041b5000 Exception <a 'java/lang/ArrayIndexOutOfBoundsException': 40> (0x000000076c9b3368) thrown at [/ssd/Android/AOSP-openjdk/external/jetbrains/jdk/hotspot/src/share/vm/interpreter/interpreterRuntime.cpp, line 366]
Event: 17.818 Thread 0x00007fa4041b9800 Implicit null exception at 0x00007fa3f5342a85 to 0x00007fa3f5348309
Event: 74.661 Thread 0x00007fa40419f000 Implicit null exception at 0x00007fa3f5e72adf to 0x00007fa3f5e76115
Event: 80.286 Thread 0x00007fa4041bb800 Implicit null exception at 0x00007fa3f5503c8c to 0x00007fa3f5503cae

Events (10 events):
Event: 82.143 loading class java/security/MessageDigest$Delegate
Event: 82.156 loading class java/security/MessageDigest$Delegate done
Event: 82.156 loading class sun/security/provider/ByteArrayAccess
Event: 82.158 loading class sun/security/provider/ByteArrayAccess done
Event: 82.329 loading class java/util/zip/Adler32
Event: 82.793 Thread 0x00007fa4041b8000 Uncommon trap: trap_request=0xffffff65 fr.pc=0x00007fa3f5ea25b8
Event: 82.793 Thread 0x00007fa4041b8000 DEOPT PACKING pc=0x00007fa3f5ea25b8 sp=0x00007fa3eed16120
Event: 82.793 Thread 0x00007fa4041b8000 DEOPT UNPACKING pc=0x00007fa3f5004f69 sp=0x00007fa3eed160e8 mode 2
Event: 82.839 loading class java/util/zip/Adler32 done
Event: 82.874 Executing VM operation: ParallelGCFailedAllocation


Dynamic libraries:
00400000-00401000 r-xp 00000000 08:02 29755034                           /home/arun/Documents/Android_S_NewVersions_Setups/android-studio/jre/bin/java
00600000-00601000 r--p 00000000 08:02 29755034                           /home/arun/Documents/Android_S_NewVersions_Setups/android-studio/jre/bin/java
00601000-00602000 rw-p 00001000 08:02 29755034                           /home/arun/Documents/Android_S_NewVersions_Setups/android-studio/jre/bin/java
00e02000-00e23000 rw-p 00000000 00:00 0                                  [heap]
6c0000000-6fbe80000 rw-p 00000000 00:00 0 
700280000-76ab00000 ---p 00000000 00:00 0 
76ab00000-7c0000000 rw-p 00000000 00:00 0 
7c0000000-7c00c0000 rw-p 00000000 00:00 0 
7c00c0000-800000000 ---p 00000000 00:00 0 
7fa398000000-7fa398077000 rw-p 00000000 00:00 0 
7fa398077000-7fa39c000000 ---p 00000000 00:00 0 
7fa39c000000-7fa39c0b6000 rw-p 00000000 00:00 0 
7fa39c0b6000-7fa3a0000000 ---p 00000000 00:00 0 
7fa3a0000000-7fa3a0026000 rw-p 00000000 00:00 0 
7fa3a0026000-7fa3a4000000 ---p 00000000 00:00 0 
7fa3a4000000-7fa3a4038000 rw-p 00000000 00:00 0 
7fa3a4038000-7fa3a8000000 ---p 00000000 00:00 0 
7fa3a8000000-7fa3a8043000 rw-p 00000000 00:00 0 
7fa3a8043000-7fa3ac000000 ---p 00000000 00:00 0 
7fa3ac000000-7fa3ac021000 rw-p 00000000 00:00 0 
7fa3ac021000-7fa3b0000000 ---p 00000000 00:00 0 
7fa3b0000000-7fa3b0021000 rw-p 00000000 00:00 0 
7fa3b0021000-7fa3b4000000 ---p 00000000 00:00 0 
7fa3b4000000-7fa3b4021000 rw-p 00000000 00:00 0 
7fa3b4021000-7fa3b8000000 ---p 00000000 00:00 0 
7fa3b8000000-7fa3b9c02000 rw-p 00000000 00:00 0 
7fa3b9c02000-7fa3bc000000 ---p 00000000 00:00 0 
7fa3bc000000-7fa3bc9ea000 rw-p 00000000 00:00 0 
7fa3bc9ea000-7fa3c0000000 ---p 00000000 00:00 0 
7fa3c0000000-7fa3c0021000 rw-p 00000000 00:00 0 
7fa3c0021000-7fa3c4000000 ---p 00000000 00:00 0 
7fa3c4000000-7fa3c60cd000 rw-p 00000000 00:00 0 
7fa3c60cd000-7fa3c8000000 ---p 00000000 00:00 0 
7fa3c8000000-7fa3c8021000 rw-p 00000000 00:00 0 
7fa3c8021000-7fa3cc000000 ---p 00000000 00:00 0 
7fa3cc000000-7fa3cc021000 rw-p 00000000 00:00 0 
7fa3cc021000-7fa3d0000000 ---p 00000000 00:00 0 
7fa3d0000000-7fa3d8000000 rw-p 00000000 00:00 0 
7fa3d8000000-7fa3d8021000 rw-p 00000000 00:00 0 
7fa3d8021000-7fa3dc000000 ---p 00000000 00:00 0 
7fa3dc000000-7fa3dc2af000 rw-p 00000000 00:00 0 
7fa3dc2af000-7fa3e0000000 ---p 00000000 00:00 0 
7fa3e0000000-7fa3e0021000 rw-p 00000000 00:00 0 
7fa3e0021000-7fa3e4000000 ---p 00000000 00:00 0 
7fa3e8000000-7fa3e8021000 rw-p 00000000 00:00 0 
7fa3e8021000-7fa3ec000000 ---p 00000000 00:00 0 
7fa3ee914000-7fa3ee917000 ---p 00000000 00:00 0 
7fa3ee917000-7fa3eea15000 rw-p 00000000 00:00 0                          [stack:26241]
7fa3eea15000-7fa3eea18000 ---p 00000000 00:00 0 
7fa3eea18000-7fa3eeb16000 rw-p 00000000 00:00 0                          [stack:26238]
7fa3eeb16000-7fa3eeb19000 ---p 00000000 00:00 0 
7fa3eeb19000-7fa3eec17000 rw-p 00000000 00:00 0                          [stack:26237]
7fa3eec17000-7fa3eec1a000 ---p 00000000 00:00 0 
7fa3eec1a000-7fa3eed18000 rw-p 00000000 00:00 0                          [stack:26236]
7fa3eed18000-7fa3eed1b000 ---p 00000000 00:00 0 
7fa3eed1b000-7fa3eee19000 rw-p 00000000 00:00 0                          [stack:26235]
7fa3eee19000-7fa3eee1c000 ---p 00000000 00:00 0 
7fa3eee1c000-7fa3eef1a000 rw-p 00000000 00:00 0                          [stack:26234]
7fa3eef1a000-7fa3ef015000 r--s 00c14000 08:02 14812530                   /home/arun/Documents/Arun/Untitled Folder/Documents/Zoom2u App For Android studio/Z2U_courier_app_work_For_Release_From_Sep-2016/Z2U_Courier_Release_App/zoom2u/build/intermediates/transforms/jarMerging/debug/jars/1/1f/combined.jar
7fa3ef015000-7fa3ef016000 ---p 00000000 00:00 0 
7fa3ef016000-7fa3ef116000 rw-p 00000000 00:00 0                          [stack:26233]
7fa3ef116000-7fa3ef119000 ---p 00000000 00:00 0 
7fa3ef119000-7fa3ef217000 rw-p 00000000 00:00 0                          [stack:26232]
7fa3ef217000-7fa3ef21a000 ---p 00000000 00:00 0 
7fa3ef21a000-7fa3ef318000 rw-p 00000000 00:00 0                          [stack:26231]
7fa3ef318000-7fa3ef31b000 ---p 00000000 00:00 0 
7fa3ef31b000-7fa3ef419000 rw-p 00000000 00:00 0                          [stack:26230]
7fa3ef419000-7fa3ef41c000 ---p 00000000 00:00 0 
7fa3ef41c000-7fa3ef51a000 rw-p 00000000 00:00 0                          [stack:26229]
7fa3ef51a000-7fa3ef51d000 ---p 00000000 00:00 0 
7fa3ef51d000-7fa3ef61b000 rw-p 00000000 00:00 0                          [stack:26228]
7fa3ef61b000-7fa3efcfd000 r--p 00000000 08:02 26352213                   /usr/lib/locale/locale-archive
7fa3efcfd000-7fa3efd00000 ---p 00000000 00:00 0 
7fa3efd00000-7fa3efdfe000 rw-p 00000000 00:00 0                          [stack:26227]
7fa3efdfe000-7fa3efe01000 ---p 00000000 00:00 0 
7fa3efe01000-7fa3efeff000 rw-p 00000000 00:00 0                          [stack:26226]
7fa3efeff000-7fa3eff00000 ---p 00000000 00:00 0 
7fa3eff00000-7fa3f0000000 rw-p 00000000 00:00 0                          [stack:26225]
7fa3f0000000-7fa3f0021000 rw-p 00000000 00:00 0 
7fa3f0021000-7fa3f4000000 ---p 00000000 00:00 0 
7fa3f40af000-7fa3f5000000 rw-p 00000000 00:00 0 
7fa3f5000000-7fa3f6110000 rwxp 00000000 00:00 0 
7fa3f6110000-7fa404000000 ---p 00000000 00:00 0 
7fa404000000-7fa4043c5000 rw-p 00000000 00:00 0 
7fa4043c5000-7fa408000000 ---p 00000000 00:00 0 
7fa408015000-7fa4080c6000 rw-p 00000000 00:00 0 
7fa4080c6000-7fa408295000 r--s 03c1b000 08:02 29755679                   /home/arun/Documents/Android_S_NewVersions_Setups/android-studio/jre/jre/lib/rt.jar
7fa408295000-7fa408a4b000 rw-p 00000000 00:00 0 
7fa408a4b000-7fa408b0b000 ---p 00000000 00:00 0 
7fa408b0b000-7fa40930b000 rw-p 00000000 00:00 0 
7fa40930b000-7fa40930c000 ---p 00000000 00:00 0 
7fa40930c000-7fa40940c000 rw-p 00000000 00:00 0                          [stack:26224]
7fa40940c000-7fa40940d000 ---p 00000000 00:00 0 
7fa40940d000-7fa40950d000 rw-p 00000000 00:00 0                          [stack:26223]
7fa40950d000-7fa40950e000 ---p 00000000 00:00 0 
7fa40950e000-7fa40960e000 rw-p 00000000 00:00 0                          [stack:26222]
7fa40960e000-7fa40960f000 ---p 00000000 00:00 0 
7fa40960f000-7fa4098ef000 rw-p 00000000 00:00 0                          [stack:26221]
7fa4098ef000-7fa409c65000 ---p 00000000 00:00 0 
7fa409c65000-7fa409e45000 rw-p 00000000 00:00 0 
7fa409e45000-7fa40a1ba000 ---p 00000000 00:00 0 
7fa40a1ba000-7fa40a465000 rw-p 00000000 00:00 0 
7fa40a465000-7fa40a4ab000 rw-p 00000000 00:00 0 
7fa40a4ab000-7fa40a826000 ---p 00000000 00:00 0 
7fa40a826000-7fa40a840000 r-xp 00000000 08:02 29755706                   /home/arun/Documents/Android_S_NewVersions_Setups/android-studio/jre/jre/lib/amd64/libzip.so
7fa40a840000-7fa40aa40000 ---p 0001a000 08:02 29755706                   /home/arun/Documents/Android_S_NewVersions_Setups/android-studio/jre/jre/lib/amd64/libzip.so
7fa40aa40000-7fa40aa41000 r--p 0001a000 08:02 29755706                   /home/arun/Documents/Android_S_NewVersions_Setups/android-studio/jre/jre/lib/amd64/libzip.so
7fa40aa41000-7fa40aa42000 rw-p 0001b000 08:02 29755706                   /home/arun/Documents/Android_S_NewVersions_Setups/android-studio/jre/jre/lib/amd64/libzip.so
7fa40aa42000-7fa40aa4c000 r-xp 00000000 08:02 20188997                   /lib/x86_64-linux-gnu/libnss_files-2.19.so
7fa40aa4c000-7fa40ac4b000 ---p 0000a000 08:02 20188997                   /lib/x86_64-linux-gnu/libnss_files-2.19.so
7fa40ac4b000-7fa40ac4c000 r--p 00009000 08:02 20188997                   /lib/x86_64-linux-gnu/libnss_files-2.19.so
7fa40ac4c000-7fa40ac4d000 rw-p 0000a000 08:02 20188997                   /lib/x86_64-linux-gnu/libnss_files-2.19.so
7fa40ac4d000-7fa40ac58000 r-xp 00000000 08:02 20185186                   /lib/x86_64-linux-gnu/libnss_nis-2.19.so
7fa40ac58000-7fa40ae57000 ---p 0000b000 08:02 20185186                   /lib/x86_64-linux-gnu/libnss_nis-2.19.so
7fa40ae57000-7fa40ae58000 r--p 0000a000 08:02 20185186                   /lib/x86_64-linux-gnu/libnss_nis-2.19.so
7fa40ae58000-7fa40ae59000 rw-p 0000b000 08:02 20185186                   /lib/x86_64-linux-gnu/libnss_nis-2.19.so
7fa40ae59000-7fa40ae70000 r-xp 00000000 08:02 20185182                   /lib/x86_64-linux-gnu/libnsl-2.19.so
7fa40ae70000-7fa40b06f000 ---p 00017000 08:02 20185182                   /lib/x86_64-linux-gnu/libnsl-2.19.so
7fa40b06f000-7fa40b070000 r--p 00016000 08:02 20185182                   /lib/x86_64-linux-gnu/libnsl-2.19.so
7fa40b070000-7fa40b071000 rw-p 00017000 08:02 20185182                   /lib/x86_64-linux-gnu/libnsl-2.19.so
7fa40b071000-7fa40b073000 rw-p 00000000 00:00 0 
7fa40b073000-7fa40b07c000 r-xp 00000000 08:02 20185181                   /lib/x86_64-linux-gnu/libnss_compat-2.19.so
7fa40b07c000-7fa40b27b000 ---p 00009000 08:02 20185181                   /lib/x86_64-linux-gnu/libnss_compat-2.19.so
7fa40b27b000-7fa40b27c000 r--p 00008000 08:02 20185181                   /lib/x86_64-linux-gnu/libnss_compat-2.19.so
7fa40b27c000-7fa40b27d000 rw-p 00009000 08:02 20185181                   /lib/x86_64-linux-gnu/libnss_compat-2.19.so
7fa40b27d000-7fa40b2aa000 r-xp 00000000 08:02 29755716                   /home/arun/Documents/Android_S_NewVersions_Setups/android-studio/jre/jre/lib/amd64/libjava.so
7fa40b2aa000-7fa40b4a9000 ---p 0002d000 08:02 29755716                   /home/arun/Documents/Android_S_NewVersions_Setups/android-studio/jre/jre/lib/amd64/libjava.so
7fa40b4a9000-7fa40b4aa000 r--p 0002c000 08:02 29755716                   /home/arun/Documents/Android_S_NewVersions_Setups/android-studio/jre/jre/lib/amd64/libjava.so
7fa40b4aa000-7fa40b4ac000 rw-p 0002d000 08:02 29755716                   /home/arun/Documents/Android_S_NewVersions_Setups/android-studio/jre/jre/lib/amd64/libjava.so
7fa40b4ac000-7fa40b4bc000 r-xp 00000000 08:02 29755732                   /home/arun/Documents/Android_S_NewVersions_Setups/android-studio/jre/jre/lib/amd64/libverify.so
7fa40b4bc000-7fa40b6bb000 ---p 00010000 08:02 29755732                   /home/arun/Documents/Android_S_NewVersions_Setups/android-studio/jre/jre/lib/amd64/libverify.so
7fa40b6bb000-7fa40b6bd000 r--p 0000f000 08:02 29755732                   /home/arun/Documents/Android_S_NewVersions_Setups/android-studio/jre/jre/lib/amd64/libverify.so
7fa40b6bd000-7fa40b6be000 rw-p 00011000 08:02 29755732                   /home/arun/Documents/Android_S_NewVersions_Setups/android-studio/jre/jre/lib/amd64/libverify.so
7fa40b6be000-7fa40b6c5000 r-xp 00000000 08:02 20185190                   /lib/x86_64-linux-gnu/librt-2.19.so
7fa40b6c5000-7fa40b8c4000 ---p 00007000 08:02 20185190                   /lib/x86_64-linux-gnu/librt-2.19.so
7fa40b8c4000-7fa40b8c5000 r--p 00006000 08:02 20185190                   /lib/x86_64-linux-gnu/librt-2.19.so
7fa40b8c5000-7fa40b8c6000 rw-p 00007000 08:02 20185190                   /lib/x86_64-linux-gnu/librt-2.19.so
7fa40b8c6000-7fa40b9cb000 r-xp 00000000 08:02 20185118                   /lib/x86_64-linux-gnu/libm-2.19.so
7fa40b9cb000-7fa40bbca000 ---p 00105000 08:02 20185118                   /lib/x86_64-linux-gnu/libm-2.19.so
7fa40bbca000-7fa40bbcb000 r--p 00104000 08:02 20185118                   /lib/x86_64-linux-gnu/libm-2.19.so
7fa40bbcb000-7fa40bbcc000 rw-p 00105000 08:02 20185118                   /lib/x86_64-linux-gnu/libm-2.19.so
7fa40bbcc000-7fa40c7bd000 r-xp 00000000 08:02 29755736                   /home/arun/Documents/Android_S_NewVersions_Setups/android-studio/jre/jre/lib/amd64/server/libjvm.so
7fa40c7bd000-7fa40c9bd000 ---p 00bf1000 08:02 29755736                   /home/arun/Documents/Android_S_NewVersions_Setups/android-studio/jre/jre/lib/amd64/server/libjvm.so
7fa40c9bd000-7fa40ca5c000 r--p 00bf1000 08:02 29755736                   /home/arun/Documents/Android_S_NewVersions_Setups/android-studio/jre/jre/lib/amd64/server/libjvm.so
7fa40ca5c000-7fa40ca85000 rw-p 00c90000 08:02 29755736                   /home/arun/Documents/Android_S_NewVersions_Setups/android-studio/jre/jre/lib/amd64/server/libjvm.so
7fa40ca85000-7fa40cac9000 rw-p 00000000 00:00 0 
7fa40cac9000-7fa40cae2000 r-xp 00000000 08:02 20185183                   /lib/x86_64-linux-gnu/libpthread-2.19.so
7fa40cae2000-7fa40cce1000 ---p 00019000 08:02 20185183                   /lib/x86_64-linux-gnu/libpthread-2.19.so
7fa40cce1000-7fa40cce2000 r--p 00018000 08:02 20185183                   /lib/x86_64-linux-gnu/libpthread-2.19.so
7fa40cce2000-7fa40cce3000 rw-p 00019000 08:02 20185183                   /lib/x86_64-linux-gnu/libpthread-2.19.so
7fa40cce3000-7fa40cce7000 rw-p 00000000 00:00 0 
7fa40cce7000-7fa40ccea000 r-xp 00000000 08:02 20185178                   /lib/x86_64-linux-gnu/libdl-2.19.so
7fa40ccea000-7fa40cee9000 ---p 00003000 08:02 20185178                   /lib/x86_64-linux-gnu/libdl-2.19.so
7fa40cee9000-7fa40ceea000 r--p 00002000 08:02 20185178                   /lib/x86_64-linux-gnu/libdl-2.19.so
7fa40ceea000-7fa40ceeb000 rw-p 00003000 08:02 20185178                   /lib/x86_64-linux-gnu/libdl-2.19.so
7fa40ceeb000-7fa40d0a5000 r-xp 00000000 08:02 20185191                   /lib/x86_64-linux-gnu/libc-2.19.so
7fa40d0a5000-7fa40d2a5000 ---p 001ba000 08:02 20185191                   /lib/x86_64-linux-gnu/libc-2.19.so
7fa40d2a5000-7fa40d2a9000 r--p 001ba000 08:02 20185191                   /lib/x86_64-linux-gnu/libc-2.19.so
7fa40d2a9000-7fa40d2ab000 rw-p 001be000 08:02 20185191                   /lib/x86_64-linux-gnu/libc-2.19.so
7fa40d2ab000-7fa40d2b0000 rw-p 00000000 00:00 0 
7fa40d2b0000-7fa40d2c6000 r-xp 00000000 08:02 29754538                   /home/arun/Documents/Android_S_NewVersions_Setups/android-studio/jre/lib/amd64/jli/libjli.so
7fa40d2c6000-7fa40d4c5000 ---p 00016000 08:02 29754538                   /home/arun/Documents/Android_S_NewVersions_Setups/android-studio/jre/lib/amd64/jli/libjli.so
7fa40d4c5000-7fa40d4c6000 r--p 00015000 08:02 29754538                   /home/arun/Documents/Android_S_NewVersions_Setups/android-studio/jre/lib/amd64/jli/libjli.so
7fa40d4c6000-7fa40d4c7000 rw-p 00016000 08:02 29754538                   /home/arun/Documents/Android_S_NewVersions_Setups/android-studio/jre/lib/amd64/jli/libjli.so
7fa40d4c7000-7fa40d4ea000 r-xp 00000000 08:02 20185184                   /lib/x86_64-linux-gnu/ld-2.19.so
7fa40d4ef000-7fa40d4f0000 rw-p 00000000 00:00 0 
7fa40d4f0000-7fa40d4f5000 r--s 00098000 08:02 29755697                   /home/arun/Documents/Android_S_NewVersions_Setups/android-studio/jre/jre/lib/jsse.jar
7fa40d4f5000-7fa40d5c8000 rw-p 00000000 00:00 0 
7fa40d5c8000-7fa40d5cb000 ---p 00000000 00:00 0 
7fa40d5cb000-7fa40d6ce000 rw-p 00000000 00:00 0                          [stack:26220]
7fa40d6ce000-7fa40d6dd000 r--s 000df000 08:02 24908096                   /home/arun/Android/Sdk/build-tools/23.0.2/lib/dx.jar
7fa40d6dd000-7fa40d6e5000 rw-s 00000000 08:02 19005564                   /tmp/hsperfdata_arun/26215
7fa40d6e5000-7fa40d6e6000 rw-p 00000000 00:00 0 
7fa40d6e6000-7fa40d6e7000 ---p 00000000 00:00 0 
7fa40d6e7000-7fa40d6e9000 rw-p 00000000 00:00 0 
7fa40d6e9000-7fa40d6ea000 r--p 00022000 08:02 20185184                   /lib/x86_64-linux-gnu/ld-2.19.so
7fa40d6ea000-7fa40d6eb000 rw-p 00023000 08:02 20185184                   /lib/x86_64-linux-gnu/ld-2.19.so
7fa40d6eb000-7fa40d6ec000 rw-p 00000000 00:00 0 
7fff9d258000-7fff9d27a000 rw-p 00000000 00:00 0                          [stack]
7fff9d3fe000-7fff9d400000 r-xp 00000000 00:00 0                          [vdso]
ffffffffff600000-ffffffffff601000 r-xp 00000000 00:00 0                  [vsyscall]

VM Arguments:
jvm_args: -Djava.awt.headless=true -Xmx4g -Dfile.encoding=UTF-8 -Duser.country=IN -Duser.language=en -Duser.variant 
java_command: com.android.dx.command.Main --dex --num-threads=4 --multi-dex --main-dex-list /home/arun/Documents/Arun/Untitled Folder/Documents/Zoom2u App For Android studio/Z2U_courier_app_work_For_Release_From_Sep-2016/Z2U_Courier_Release_App/zoom2u/build/intermediates/multi-dex/debug/maindexlist.txt --output /home/arun/Documents/Arun/Untitled Folder/Documents/Zoom2u App For Android studio/Z2U_courier_app_work_For_Release_From_Sep-2016/Z2U_Courier_Release_App/zoom2u/build/intermediates/transforms/dex/debug/folders/1000/1f/main /home/arun/Documents/Arun/Untitled Folder/Documents/Zoom2u App For Android studio/Z2U_courier_app_work_For_Release_From_Sep-2016/Z2U_Courier_Release_App/zoom2u/build/intermediates/transforms/jarMerging/debug/jars/1/1f/combined.jar
java_class_path (initial): /home/arun/Android/Sdk/build-tools/23.0.2/lib/dx.jar
Launcher Type: SUN_STANDARD

Environment Variables:
JAVA_HOME=/usr/lib/jvm/java-1.7.0-openjdk-amd64/bin
PATH=/usr/local/sbin:/usr/local/bin:/usr/sbin:/usr/bin:/sbin:/bin:/usr/games:/usr/local/games:/usr/lib/jvm/java-1.7.0-openjdk-amd64/bin
LD_LIBRARY_PATH=.:
SHELL=/bin/bash
DISPLAY=:0

Signal Handlers:
SIGSEGV: [libjvm.so+0x9e5150], sa_mask[0]=11111111011111111101111111111110, sa_flags=SA_RESTART|SA_SIGINFO
SIGBUS: [libjvm.so+0x9e5150], sa_mask[0]=11111111011111111101111111111110, sa_flags=SA_RESTART|SA_SIGINFO
SIGFPE: [libjvm.so+0x848450], sa_mask[0]=11111111011111111101111111111110, sa_flags=SA_RESTART|SA_SIGINFO
SIGPIPE: [libjvm.so+0x848450], sa_mask[0]=11111111011111111101111111111110, sa_flags=SA_RESTART|SA_SIGINFO
SIGXFSZ: [libjvm.so+0x848450], sa_mask[0]=11111111011111111101111111111110, sa_flags=SA_RESTART|SA_SIGINFO
SIGILL: [libjvm.so+0x848450], sa_mask[0]=11111111011111111101111111111110, sa_flags=SA_RESTART|SA_SIGINFO
SIGUSR1: SIG_DFL, sa_mask[0]=00000000000000000000000000000000, sa_flags=none
SIGUSR2: [libjvm.so+0x848320], sa_mask[0]=00100000000000000000000000000000, sa_flags=SA_RESTART|SA_SIGINFO
SIGHUP: [libjvm.so+0x848510], sa_mask[0]=11111111011111111101111111111110, sa_flags=SA_RESTART|SA_SIGINFO
SIGINT: [libjvm.so+0x848510], sa_mask[0]=11111111011111111101111111111110, sa_flags=SA_RESTART|SA_SIGINFO
SIGTERM: [libjvm.so+0x848510], sa_mask[0]=11111111011111111101111111111110, sa_flags=SA_RESTART|SA_SIGINFO
SIGQUIT: [libjvm.so+0x848510], sa_mask[0]=11111111011111111101111111111110, sa_flags=SA_RESTART|SA_SIGINFO


---------------  S Y S T E M  ---------------

OS:DISTRIB_ID=Ubuntu
DISTRIB_RELEASE=14.04
DISTRIB_CODENAME=trusty
DISTRIB_DESCRIPTION="Ubuntu 14.04 LTS"

uname:Linux 3.13.0-24-generic #46-Ubuntu SMP Thu Apr 10 19:11:08 UTC 2014 x86_64
libc:glibc 2.19 NPTL 2.19 
rlimit: STACK 8192k, CORE 0k, NPROC 61339, NOFILE 4096, AS infinity
load average:10.60 4.05 2.63

/proc/meminfo:
MemTotal:        8075044 kB
MemFree:          134148 kB
Buffers:             396 kB
Cached:           993616 kB
SwapCached:        12128 kB
Active:          6455652 kB
Inactive:        1198136 kB
Active(anon):    6448584 kB
Inactive(anon):  1188668 kB
Active(file):       7068 kB
Inactive(file):     9468 kB
Unevictable:         156 kB
Mlocked:             156 kB
SwapTotal:       4091900 kB
SwapFree:             80 kB
Dirty:                88 kB
Writeback:             0 kB
AnonPages:       6649664 kB
Mapped:           231240 kB
Shmem:            977264 kB
Slab:              88768 kB
SReclaimable:      46216 kB
SUnreclaim:        42552 kB
KernelStack:        5456 kB
PageTables:        62204 kB
NFS_Unstable:          0 kB
Bounce:                0 kB
WritebackTmp:          0 kB
CommitLimit:     8129420 kB
Committed_AS:   16636288 kB
VmallocTotal:   34359738367 kB
VmallocUsed:      358936 kB
VmallocChunk:   34359346312 kB
HardwareCorrupted:     0 kB
AnonHugePages:   2191360 kB
HugePages_Total:       0
HugePages_Free:        0
HugePages_Rsvd:        0
HugePages_Surp:        0
Hugepagesize:       2048 kB
DirectMap4k:       59952 kB
DirectMap2M:     2983936 kB
DirectMap1G:     5242880 kB


CPU:total 4 (4 cores per cpu, 1 threads per core) family 6 model 60 stepping 3, cmov, cx8, fxsr, mmx, sse, sse2, sse3, ssse3, sse4.1, sse4.2, popcnt, avx, avx2, aes, clmul, erms, lzcnt, tsc, tscinvbit, bmi1, bmi2

/proc/cpuinfo:
processor	: 0
vendor_id	: GenuineIntel
cpu family	: 6
model		: 60
model name	: Intel(R) Core(TM) i5-4460  CPU @ 3.20GHz
stepping	: 3
microcode	: 0x12
cpu MHz		: 800.000
cache size	: 6144 KB
physical id	: 0
siblings	: 4
core id		: 0
cpu cores	: 4
apicid		: 0
initial apicid	: 0
fpu		: yes
fpu_exception	: yes
cpuid level	: 13
wp		: yes
flags		: fpu vme de pse tsc msr pae mce cx8 apic sep mtrr pge mca cmov pat pse36 clflush dts acpi mmx fxsr sse sse2 ss ht tm pbe syscall nx pdpe1gb rdtscp lm constant_tsc arch_perfmon pebs bts rep_good nopl xtopology nonstop_tsc aperfmperf eagerfpu pni pclmulqdq dtes64 monitor ds_cpl vmx est tm2 ssse3 fma cx16 xtpr pdcm pcid sse4_1 sse4_2 x2apic movbe popcnt tsc_deadline_timer aes xsave avx f16c rdrand lahf_lm abm ida arat xsaveopt pln pts dtherm tpr_shadow vnmi flexpriority ept vpid fsgsbase tsc_adjust bmi1 avx2 smep bmi2 erms invpcid
bogomips	: 6385.21
clflush size	: 64
cache_alignment	: 64
address sizes	: 39 bits physical, 48 bits virtual
power management:

processor	: 1
vendor_id	: GenuineIntel
cpu family	: 6
model		: 60
model name	: Intel(R) Core(TM) i5-4460  CPU @ 3.20GHz
stepping	: 3
microcode	: 0x12
cpu MHz		: 800.000
cache size	: 6144 KB
physical id	: 0
siblings	: 4
core id		: 1
cpu cores	: 4
apicid		: 2
initial apicid	: 2
fpu		: yes
fpu_exception	: yes
cpuid level	: 13
wp		: yes
flags		: fpu vme de pse tsc msr pae mce cx8 apic sep mtrr pge mca cmov pat pse36 clflush dts acpi mmx fxsr sse sse2 ss ht tm pbe syscall nx pdpe1gb rdtscp lm constant_tsc arch_perfmon pebs bts rep_good nopl xtopology nonstop_tsc aperfmperf eagerfpu pni pclmulqdq dtes64 monitor ds_cpl vmx est tm2 ssse3 fma cx16 xtpr pdcm pcid sse4_1 sse4_2 x2apic movbe popcnt tsc_deadline_timer aes xsave avx f16c rdrand lahf_lm abm ida arat xsaveopt pln pts dtherm tpr_shadow vnmi flexpriority ept vpid fsgsbase tsc_adjust bmi1 avx2 smep bmi2 erms invpcid
bogomips	: 6385.21
clflush size	: 64
cache_alignment	: 64
address sizes	: 39 bits physical, 48 bits virtual
power management:

processor	: 2
vendor_id	: GenuineIntel
cpu family	: 6
model		: 60
model name	: Intel(R) Core(TM) i5-4460  CPU @ 3.20GHz
stepping	: 3
microcode	: 0x12
cpu MHz		: 3201.000
cache size	: 6144 KB
physical id	: 0
siblings	: 4
core id		: 2
cpu cores	: 4
apicid		: 4
initial apicid	: 4
fpu		: yes
fpu_exception	: yes
cpuid level	: 13
wp		: yes
flags		: fpu vme de pse tsc msr pae mce cx8 apic sep mtrr pge mca cmov pat pse36 clflush dts acpi mmx fxsr sse sse2 ss ht tm pbe syscall nx pdpe1gb rdtscp lm constant_tsc arch_perfmon pebs bts rep_good nopl xtopology nonstop_tsc aperfmperf eagerfpu pni pclmulqdq dtes64 monitor ds_cpl vmx est tm2 ssse3 fma cx16 xtpr pdcm pcid sse4_1 sse4_2 x2apic movbe popcnt tsc_deadline_timer aes xsave avx f16c rdrand lahf_lm abm ida arat xsaveopt pln pts dtherm tpr_shadow vnmi flexpriority ept vpid fsgsbase tsc_adjust bmi1 avx2 smep bmi2 erms invpcid
bogomips	: 6385.21
clflush size	: 64
cache_alignment	: 64
address sizes	: 39 bits physical, 48 bits virtual
power management:

processor	: 3
vendor_id	: GenuineIntel
cpu family	: 6
model		: 60
model name	: Intel(R) Core(TM) i5-4460  CPU @ 3.20GHz
stepping	: 3
microcode	: 0x12
cpu MHz		: 2500.000
cache size	: 6144 KB
physical id	: 0
siblings	: 4
core id		: 3
cpu cores	: 4
apicid		: 6
initial apicid	: 6
fpu		: yes
fpu_exception	: yes
cpuid level	: 13
wp		: yes
flags		: fpu vme de pse tsc msr pae mce cx8 apic sep mtrr pge mca cmov pat pse36 clflush dts acpi mmx fxsr sse sse2 ss ht tm pbe syscall nx pdpe1gb rdtscp lm constant_tsc arch_perfmon pebs bts rep_good nopl xtopology nonstop_tsc aperfmperf eagerfpu pni pclmulqdq dtes64 monitor ds_cpl vmx est tm2 ssse3 fma cx16 xtpr pdcm pcid sse4_1 sse4_2 x2apic movbe popcnt tsc_deadline_timer aes xsave avx f16c rdrand lahf_lm abm ida arat xsaveopt pln pts dtherm tpr_shadow vnmi flexpriority ept vpid fsgsbase tsc_adjust bmi1 avx2 smep bmi2 erms invpcid
bogomips	: 6385.21
clflush size	: 64
cache_alignment	: 64
address sizes	: 39 bits physical, 48 bits virtual
power management:



Memory: 4k page, physical 8075044k(134148k free), swap 4091900k(80k free)

vm_info: OpenJDK 64-Bit Server VM (25.112-b06) for linux-amd64 JRE (1.8.0_112-release-b06), built on Dec  6 2016 12:11:18 by "builder" with gcc 4.8.4

time: Tue Mar 28 16:11:56 2017
elapsed time: 98 seconds (0d 0h 1m 38s)

